        -:    0:Source:dominion.c
        -:    0:Graph:dominion.gcno
        -:    0:Data:dominion.gcda
        -:    0:Runs:0
        -:    0:Programs:0
        -:    1:#include "dominion.h"
        -:    2:#include "dominion_helpers.h"
        -:    3:#include "rngs.h"
        -:    4:#include <stdio.h>
        -:    5:#include <math.h>
        -:    6:#include <stdlib.h>
        -:    7:
        -:    8:int compare(const void* a, const void* b) {
        -:    9:  if (*(int*)a > *(int*)b)
        -:   10:    return 1;
        -:   11:  if (*(int*)a < *(int*)b)
        -:   12:    return -1;
        -:   13:  return 0;
        -:   14:}
        -:   15:
        -:   16:struct gameState* newGame() {
        -:   17:  struct gameState* g = malloc(sizeof(struct gameState));
        -:   18:  return g;
        -:   19:}
        -:   20:
        -:   21:int* kingdomCards(int k1, int k2, int k3, int k4, int k5, int k6, int k7,
        -:   22:		  int k8, int k9, int k10) {
        -:   23:  int* k = malloc(10 * sizeof(int));
        -:   24:  k[0] = k1;
        -:   25:  k[1] = k2;
        -:   26:  k[2] = k3;
        -:   27:  k[3] = k4;
        -:   28:  k[4] = k5;
        -:   29:  k[5] = k6;
        -:   30:  k[6] = k7;
        -:   31:  k[7] = k8;
        -:   32:  k[8] = k9;
        -:   33:  k[9] = k10;
        -:   34:  return k;
        -:   35:}
        -:   36:
        -:   37:int initializeGame(int numPlayers, int kingdomCards[10], int randomSeed,
        -:   38:		   struct gameState *state) {
        -:   39:
        -:   40:  int i;
        -:   41:  int j;
        -:   42:  int it;			
        -:   43:  //set up random number generator
        -:   44:  SelectStream(1);
        -:   45:  PutSeed((long)randomSeed);
        -:   46:  
        -:   47:  //check number of players
        -:   48:  if (numPlayers > MAX_PLAYERS || numPlayers < 2)
        -:   49:    {
        -:   50:      return -1;
        -:   51:    }
        -:   52:
        -:   53:  //set number of players
        -:   54:  state->numPlayers = numPlayers;
        -:   55:
        -:   56:  //check selected kingdom cards are different
        -:   57:  for (i = 0; i < 10; i++)
        -:   58:    {
        -:   59:      for (j = 0; j < 10; j++)
        -:   60:        {
        -:   61:	  if (j != i && kingdomCards[j] == kingdomCards[i])
        -:   62:	    {
        -:   63:	      return -1;
        -:   64:	    }
        -:   65:        }
        -:   66:    }
        -:   67:
        -:   68:
        -:   69:  //initialize supply
        -:   70:  ///////////////////////////////
        -:   71:
        -:   72:  //set number of Curse cards
        -:   73:  if (numPlayers == 2)
        -:   74:    {
        -:   75:      state->supplyCount[curse] = 10;
        -:   76:    }
        -:   77:  else if (numPlayers == 3)
        -:   78:    {
        -:   79:      state->supplyCount[curse] = 20;
        -:   80:    }
        -:   81:  else
        -:   82:    {
        -:   83:      state->supplyCount[curse] = 30;
        -:   84:    }
        -:   85:
        -:   86:  //set number of Victory cards
        -:   87:  if (numPlayers == 2)
        -:   88:    {
        -:   89:      state->supplyCount[estate] = 8;
        -:   90:      state->supplyCount[duchy] = 8;
        -:   91:      state->supplyCount[province] = 8;
        -:   92:    }
        -:   93:  else
        -:   94:    {
        -:   95:      state->supplyCount[estate] = 12;
        -:   96:      state->supplyCount[duchy] = 12;
        -:   97:      state->supplyCount[province] = 12;
        -:   98:    }
        -:   99:
        -:  100:  //set number of Treasure cards
        -:  101:  state->supplyCount[copper] = 60 - (7 * numPlayers);
        -:  102:  state->supplyCount[silver] = 40;
        -:  103:  state->supplyCount[gold] = 30;
        -:  104:
        -:  105:  //set number of Kingdom cards
        -:  106:  for (i = adventurer; i <= treasure_map; i++)       	//loop all cards
        -:  107:    {
        -:  108:      for (j = 0; j < 10; j++)           		//loop chosen cards
        -:  109:	{
        -:  110:	  if (kingdomCards[j] == i)
        -:  111:	    {
        -:  112:	      //check if card is a 'Victory' Kingdom card
        -:  113:	      if (kingdomCards[j] == great_hall || kingdomCards[j] == gardens)
        -:  114:		{
        -:  115:		  if (numPlayers == 2){ 
        -:  116:		    state->supplyCount[i] = 8; 
        -:  117:		  }
        -:  118:		  else{ state->supplyCount[i] = 12; }
        -:  119:		}
        -:  120:	      else
        -:  121:		{
        -:  122:		  state->supplyCount[i] = 10;
        -:  123:		}
        -:  124:	      break;
        -:  125:	    }
        -:  126:	  else    //card is not in the set choosen for the game
        -:  127:	    {
        -:  128:	      state->supplyCount[i] = -1;
        -:  129:	    }
        -:  130:	}
        -:  131:
        -:  132:    }
        -:  133:
        -:  134:  ////////////////////////
        -:  135:  //supply intilization complete
        -:  136:
        -:  137:  //set player decks
        -:  138:  for (i = 0; i < numPlayers; i++)
        -:  139:    {
        -:  140:      state->deckCount[i] = 0;
        -:  141:      for (j = 0; j < 3; j++)
        -:  142:	{
        -:  143:	  state->deck[i][j] = estate;
        -:  144:	  state->deckCount[i]++;
        -:  145:	}
        -:  146:      for (j = 3; j < 10; j++)
        -:  147:	{
        -:  148:	  state->deck[i][j] = copper;
        -:  149:	  state->deckCount[i]++;		
        -:  150:	}
        -:  151:    }
        -:  152:
        -:  153:  //shuffle player decks
        -:  154:  for (i = 0; i < numPlayers; i++)
        -:  155:    {
        -:  156:      if ( shuffle(i, state) < 0 )
        -:  157:	{
        -:  158:	  return -1;
        -:  159:	}
        -:  160:    }
        -:  161:
        -:  162:  //draw player hands
        -:  163:  for (i = 0; i < numPlayers; i++)
        -:  164:    {  
        -:  165:      //initialize hand size to zero
        -:  166:      state->handCount[i] = 0;
        -:  167:      state->discardCount[i] = 0;
        -:  168:      //draw 5 cards
        -:  169:      // for (j = 0; j < 5; j++)
        -:  170:      //	{
        -:  171:      //	  drawCard(i, state);
        -:  172:      //	}
        -:  173:    }
        -:  174:  
        -:  175:  //set embargo tokens to 0 for all supply piles
        -:  176:  for (i = 0; i <= treasure_map; i++)
        -:  177:    {
        -:  178:      state->embargoTokens[i] = 0;
        -:  179:    }
        -:  180:
        -:  181:  //initialize first player's turn
        -:  182:  state->outpostPlayed = 0;
        -:  183:  state->phase = 0;
        -:  184:  state->numActions = 1;
        -:  185:  state->numBuys = 1;
        -:  186:  state->playedCardCount = 0;
        -:  187:  state->whoseTurn = 0;
        -:  188:  state->handCount[state->whoseTurn] = 0;
        -:  189:  //int it; move to top
        -:  190:
        -:  191:  //Moved draw cards to here, only drawing at the start of a turn
        -:  192:  for (it = 0; it < 5; it++){
        -:  193:    drawCard(state->whoseTurn, state);
        -:  194:  }
        -:  195:
        -:  196:  updateCoins(state->whoseTurn, state, 0);
        -:  197:
        -:  198:  return 0;
        -:  199:}
        -:  200:
        -:  201:int shuffle(int player, struct gameState *state) {
        -:  202: 
        -:  203:
        -:  204:  int newDeck[MAX_DECK];
        -:  205:  int newDeckPos = 0;
        -:  206:  int card;
        -:  207:  int i;
        -:  208:
        -:  209:  if (state->deckCount[player] < 1)
        -:  210:    return -1;
        -:  211:  qsort ((void*)(state->deck[player]), state->deckCount[player], sizeof(int), compare); 
        -:  212:  /* SORT CARDS IN DECK TO ENSURE DETERMINISM! */
        -:  213:
        -:  214:  while (state->deckCount[player] > 0) {
        -:  215:    card = floor(Random() * state->deckCount[player]);
        -:  216:    newDeck[newDeckPos] = state->deck[player][card];
        -:  217:    newDeckPos++;
        -:  218:    for (i = card; i < state->deckCount[player]-1; i++) {
        -:  219:      state->deck[player][i] = state->deck[player][i+1];
        -:  220:    }
        -:  221:    state->deckCount[player]--;
        -:  222:  }
        -:  223:  for (i = 0; i < newDeckPos; i++) {
        -:  224:    state->deck[player][i] = newDeck[i];
        -:  225:    state->deckCount[player]++;
        -:  226:  }
        -:  227:
        -:  228:  return 0;
        -:  229:}
        -:  230:
        -:  231:int playCard(int handPos, int choice1, int choice2, int choice3, struct gameState *state) 
        -:  232:{	
        -:  233:  int card;
        -:  234:  int coin_bonus = 0; 		//tracks coins gain from actions
        -:  235:
        -:  236:  //check if it is the right phase
        -:  237:  if (state->phase != 0)
        -:  238:    {
        -:  239:      return -1;
        -:  240:    }
        -:  241:	
        -:  242:  //check if player has enough actions
        -:  243:  if ( state->numActions < 1 )
        -:  244:    {
        -:  245:      return -1;
        -:  246:    }
        -:  247:	
        -:  248:  //get card played
        -:  249:  card = handCard(handPos, state);
        -:  250:	
        -:  251:  //check if selected card is an action
        -:  252:  if ( card < adventurer || card > treasure_map )
        -:  253:    {
        -:  254:      return -1;
        -:  255:    }
        -:  256:	
        -:  257:  //play card
        -:  258:  if ( cardEffect(card, choice1, choice2, choice3, state, handPos, &coin_bonus) < 0 )
        -:  259:    {
        -:  260:      return -1;
        -:  261:    }
        -:  262:	
        -:  263:  //reduce number of actions
        -:  264:  state->numActions--;
        -:  265:
        -:  266:  //update coins (Treasure cards may be added with card draws)
        -:  267:  updateCoins(state->whoseTurn, state, coin_bonus);
        -:  268:	
        -:  269:  return 0;
        -:  270:}
        -:  271:
        -:  272:int buyCard(int supplyPos, struct gameState *state) {
        -:  273:  int who;
        -:  274:  if (DEBUG){
        -:  275:    printf("Entering buyCard...\n");
        -:  276:  }
        -:  277:
        -:  278:  // I don't know what to do about the phase thing.
        -:  279:
        -:  280:  who = state->whoseTurn;
        -:  281:
        -:  282:  if (state->numBuys < 1){
        -:  283:    if (DEBUG)
        -:  284:      printf("You do not have any buys left\n");
        -:  285:    return -1;
        -:  286:  } else if (supplyCount(supplyPos, state) <1){
        -:  287:    if (DEBUG)
        -:  288:      printf("There are not any of that type of card left\n");
        -:  289:    return -1;
        -:  290:  } else if (state->coins < getCost(supplyPos)){
        -:  291:    if (DEBUG) 
        -:  292:      printf("You do not have enough money to buy that. You have %d coins.\n", state->coins);
        -:  293:    return -1;
        -:  294:  } else {
        -:  295:    state->phase=1;
        -:  296:    //state->supplyCount[supplyPos]--;
        -:  297:    gainCard(supplyPos, state, 0, who); //card goes in discard, this might be wrong.. (2 means goes into hand, 0 goes into discard)
        -:  298:  
        -:  299:    state->coins = (state->coins) - (getCost(supplyPos));
        -:  300:    state->numBuys--;
        -:  301:    if (DEBUG)
        -:  302:      printf("You bought card number %d for %d coins. You now have %d buys and %d coins.\n", supplyPos, getCost(supplyPos), state->numBuys, state->coins);
        -:  303:  }
        -:  304:
        -:  305:  //state->discard[who][state->discardCount[who]] = supplyPos;
        -:  306:  //state->discardCount[who]++;
        -:  307:    
        -:  308:  return 0;
        -:  309:}
        -:  310:
        -:  311:int numHandCards(struct gameState *state) {
        -:  312:  return state->handCount[ whoseTurn(state) ];
        -:  313:}
        -:  314:
        -:  315:int handCard(int handPos, struct gameState *state) {
        -:  316:  int currentPlayer = whoseTurn(state);
        -:  317:  return state->hand[currentPlayer][handPos];
        -:  318:}
        -:  319:
        -:  320:int supplyCount(int card, struct gameState *state) {
        -:  321:  return state->supplyCount[card];
        -:  322:}
        -:  323:
        -:  324:int fullDeckCount(int player, int card, struct gameState *state) {
        -:  325:  int i;
        -:  326:  int count = 0;
        -:  327:
        -:  328:  for (i = 0; i < state->deckCount[player]; i++)
        -:  329:    {
        -:  330:      if (state->deck[player][i] == card) count++;
        -:  331:    }
        -:  332:
        -:  333:  for (i = 0; i < state->handCount[player]; i++)
        -:  334:    {
        -:  335:      if (state->hand[player][i] == card) count++;
        -:  336:    }
        -:  337:
        -:  338:  for (i = 0; i < state->discardCount[player]; i++)
        -:  339:    {
        -:  340:      if (state->discard[player][i] == card) count++;
        -:  341:    }
        -:  342:
        -:  343:  return count;
        -:  344:}
        -:  345:
        -:  346:int whoseTurn(struct gameState *state) {
        -:  347:  return state->whoseTurn;
        -:  348:}
        -:  349:
        -:  350:int endTurn(struct gameState *state) {
        -:  351:  int k;
        -:  352:  int i;
        -:  353:  int currentPlayer = whoseTurn(state);
        -:  354:  
        -:  355:  //Discard hand
        -:  356:  for (i = 0; i < state->handCount[currentPlayer]; i++){
        -:  357:    state->discard[currentPlayer][state->discardCount[currentPlayer]++] = state->hand[currentPlayer][i];//Discard
        -:  358:    state->hand[currentPlayer][i] = -1;//Set card to -1
        -:  359:  }
        -:  360:  state->handCount[currentPlayer] = 0;//Reset hand count
        -:  361:    
        -:  362:  //Code for determining the player
        -:  363:  if (currentPlayer < (state->numPlayers - 1)){ 
        -:  364:    state->whoseTurn = currentPlayer + 1;//Still safe to increment
        -:  365:  }
        -:  366:  else{
        -:  367:    state->whoseTurn = 0;//Max player has been reached, loop back around to player 1
        -:  368:  }
        -:  369:
        -:  370:  state->outpostPlayed = 0;
        -:  371:  state->phase = 0;
        -:  372:  state->numActions = 1;
        -:  373:  state->coins = 0;
        -:  374:  state->numBuys = 1;
        -:  375:  state->playedCardCount = 0;
        -:  376:  state->handCount[state->whoseTurn] = 0;
        -:  377:
        -:  378:  //int k; move to top
        -:  379:  //Next player draws hand
        -:  380:  for (k = 0; k < 5; k++){
        -:  381:    drawCard(state->whoseTurn, state);//Draw a card
        -:  382:  }
        -:  383:
        -:  384:  //Update money
        -:  385:  updateCoins(state->whoseTurn, state , 0);
        -:  386:
        -:  387:  return 0;
        -:  388:}
        -:  389:
        -:  390:int isGameOver(struct gameState *state) {
        -:  391:  int i;
        -:  392:  int j;
        -:  393:	
        -:  394:  //if stack of Province cards is empty, the game ends
        -:  395:  if (state->supplyCount[province] == 0)
        -:  396:    {
        -:  397:      return 1;
        -:  398:    }
        -:  399:
        -:  400:  //if three supply pile are at 0, the game ends
        -:  401:  j = 0;
        -:  402:  for (i = 0; i < 25; i++)
        -:  403:    {
        -:  404:      if (state->supplyCount[i] == 0)
        -:  405:	{
        -:  406:	  j++;
        -:  407:	}
        -:  408:    }
        -:  409:  if ( j >= 3)
        -:  410:    {
        -:  411:      return 1;
        -:  412:    }
        -:  413:
        -:  414:  return 0;
        -:  415:}
        -:  416:
        -:  417:int scoreFor (int player, struct gameState *state) {
        -:  418:
        -:  419:  int i;
        -:  420:  int score = 0;
        -:  421:  //score from hand
        -:  422:  for (i = 0; i < state->handCount[player]; i++)
        -:  423:    {
        -:  424:      if (state->hand[player][i] == curse) { score = score - 1; };
        -:  425:      if (state->hand[player][i] == estate) { score = score + 1; };
        -:  426:      if (state->hand[player][i] == duchy) { score = score + 3; };
        -:  427:      if (state->hand[player][i] == province) { score = score + 6; };
        -:  428:      if (state->hand[player][i] == great_hall) { score = score + 1; };
        -:  429:      if (state->hand[player][i] == gardens) { score = score + ( fullDeckCount(player, 0, state) / 10 ); };
        -:  430:    }
        -:  431:
        -:  432:  //score from discard
        -:  433:  for (i = 0; i < state->discardCount[player]; i++)
        -:  434:    {
        -:  435:      if (state->discard[player][i] == curse) { score = score - 1; };
        -:  436:      if (state->discard[player][i] == estate) { score = score + 1; };
        -:  437:      if (state->discard[player][i] == duchy) { score = score + 3; };
        -:  438:      if (state->discard[player][i] == province) { score = score + 6; };
        -:  439:      if (state->discard[player][i] == great_hall) { score = score + 1; };
        -:  440:      if (state->discard[player][i] == gardens) { score = score + ( fullDeckCount(player, 0, state) / 10 ); };
        -:  441:    }
        -:  442:
        -:  443:  //score from deck
        -:  444:  for (i = 0; i < state->discardCount[player]; i++)
        -:  445:    {
        -:  446:      if (state->deck[player][i] == curse) { score = score - 1; };
        -:  447:      if (state->deck[player][i] == estate) { score = score + 1; };
        -:  448:      if (state->deck[player][i] == duchy) { score = score + 3; };
        -:  449:      if (state->deck[player][i] == province) { score = score + 6; };
        -:  450:      if (state->deck[player][i] == great_hall) { score = score + 1; };
        -:  451:      if (state->deck[player][i] == gardens) { score = score + ( fullDeckCount(player, 0, state) / 10 ); };
        -:  452:    }
        -:  453:
        -:  454:  return score;
        -:  455:}
        -:  456:
        -:  457:int getWinners(int players[MAX_PLAYERS], struct gameState *state) {
        -:  458:  int i;	
        -:  459:  int j;
        -:  460:  int highScore;
        -:  461:  int currentPlayer;
        -:  462:
        -:  463:  //get score for each player
        -:  464:  for (i = 0; i < MAX_PLAYERS; i++)
        -:  465:    {
        -:  466:      //set unused player scores to -9999
        -:  467:      if (i >= state->numPlayers)
        -:  468:	{
        -:  469:	  players[i] = -9999;
        -:  470:	}
        -:  471:      else
        -:  472:	{
        -:  473:	  players[i] = scoreFor (i, state);
        -:  474:	}
        -:  475:    }
        -:  476:
        -:  477:  //find highest score
        -:  478:  j = 0;
        -:  479:  for (i = 0; i < MAX_PLAYERS; i++)
        -:  480:    {
        -:  481:      if (players[i] > players[j])
        -:  482:	{
        -:  483:	  j = i;
        -:  484:	}
        -:  485:    }
        -:  486:  highScore = players[j];
        -:  487:
        -:  488:  //add 1 to players who had less turns
        -:  489:  currentPlayer = whoseTurn(state);
        -:  490:  for (i = 0; i < MAX_PLAYERS; i++)
        -:  491:    {
        -:  492:      if ( players[i] == highScore && i > currentPlayer )
        -:  493:	{
        -:  494:	  players[i]++;
        -:  495:	}
        -:  496:    }
        -:  497:
        -:  498:  //find new highest score
        -:  499:  j = 0;
        -:  500:  for (i = 0; i < MAX_PLAYERS; i++)
        -:  501:    {
        -:  502:      if ( players[i] > players[j] )
        -:  503:	{
        -:  504:	  j = i;
        -:  505:	}
        -:  506:    }
        -:  507:  highScore = players[j];
        -:  508:
        -:  509:  //set winners in array to 1 and rest to 0
        -:  510:  for (i = 0; i < MAX_PLAYERS; i++)
        -:  511:    {
        -:  512:      if ( players[i] == highScore )
        -:  513:	{
        -:  514:	  players[i] = 1;
        -:  515:	}
        -:  516:      else
        -:  517:	{
        -:  518:	  players[i] = 0;
        -:  519:	}
        -:  520:    }
        -:  521:
        -:  522:  return 0;
        -:  523:}
        -:  524:
        -:  525:int drawCard(int player, struct gameState *state)
        -:  526:{	int count;
        -:  527:  int deckCounter;
        -:  528:  if (state->deckCount[player] <= 0){//Deck is empty
        -:  529:    
        -:  530:    //Step 1 Shuffle the discard pile back into a deck
        -:  531:    int i;
        -:  532:    //Move discard to deck
        -:  533:    for (i = 0; i < state->discardCount[player];i++){
        -:  534:      state->deck[player][i] = state->discard[player][i];
        -:  535:      state->discard[player][i] = -1;
        -:  536:    }
        -:  537:
        -:  538:    state->deckCount[player] = state->discardCount[player];
        -:  539:    state->discardCount[player] = 0;//Reset discard
        -:  540:
        -:  541:    //Shufffle the deck
        -:  542:    shuffle(player, state);//Shuffle the deck up and make it so that we can draw
        -:  543:   
        -:  544:    if (DEBUG){//Debug statements
        -:  545:      printf("Deck count now: %d\n", state->deckCount[player]);
        -:  546:    }
        -:  547:    
        -:  548:    state->discardCount[player] = 0;
        -:  549:
        -:  550:    //Step 2 Draw Card
        -:  551:    count = state->handCount[player];//Get current player's hand count
        -:  552:    
        -:  553:    if (DEBUG){//Debug statements
        -:  554:      printf("Current hand count: %d\n", count);
        -:  555:    }
        -:  556:    
        -:  557:    deckCounter = state->deckCount[player];//Create a holder for the deck count
        -:  558:
        -:  559:    if (deckCounter == 0)
        -:  560:      return -1;
        -:  561:
        -:  562:    state->hand[player][count] = state->deck[player][deckCounter - 1];//Add card to hand
        -:  563:    state->deckCount[player]--;
        -:  564:    state->handCount[player]++;//Increment hand count
        -:  565:  }
        -:  566:
        -:  567:  else{
        -:  568:    int count = state->handCount[player];//Get current hand count for player
        -:  569:    int deckCounter;
        -:  570:    if (DEBUG){//Debug statements
        -:  571:      printf("Current hand count: %d\n", count);
        -:  572:    }
        -:  573:
        -:  574:    deckCounter = state->deckCount[player];//Create holder for the deck count
        -:  575:    state->hand[player][count] = state->deck[player][deckCounter - 1];//Add card to the hand
        -:  576:    state->deckCount[player]--;
        -:  577:    state->handCount[player]++;//Increment hand count
        -:  578:  }
        -:  579:
        -:  580:  return 0;
        -:  581:}
        -:  582:
        -:  583:int getCost(int cardNumber)
        -:  584:{
        -:  585:  switch( cardNumber ) 
        -:  586:    {
        -:  587:    case curse:
        -:  588:      return 0;
        -:  589:    case estate:
        -:  590:      return 2;
        -:  591:    case duchy:
        -:  592:      return 5;
        -:  593:    case province:
        -:  594:      return 8;
        -:  595:    case copper:
        -:  596:      return 0;
        -:  597:    case silver:
        -:  598:      return 3;
        -:  599:    case gold:
        -:  600:      return 6;
        -:  601:    case adventurer:
        -:  602:      return 6;
        -:  603:    case council_room:
        -:  604:      return 5;
        -:  605:    case feast:
        -:  606:      return 4;
        -:  607:    case gardens:
        -:  608:      return 4;
        -:  609:    case mine:
        -:  610:      return 5;
        -:  611:    case remodel:
        -:  612:      return 4;
        -:  613:    case smithy:
        -:  614:      return 4;
        -:  615:    case village:
        -:  616:      return 3;
        -:  617:    case baron:
        -:  618:      return 4;
        -:  619:    case great_hall:
        -:  620:      return 3;
        -:  621:    case minion:
        -:  622:      return 5;
        -:  623:    case steward:
        -:  624:      return 3;
        -:  625:    case tribute:
        -:  626:      return 5;
        -:  627:    case ambassador:
        -:  628:      return 3;
        -:  629:    case cutpurse:
        -:  630:      return 4;
        -:  631:    case embargo: 
        -:  632:      return 2;
        -:  633:    case outpost:
        -:  634:      return 5;
        -:  635:    case salvager:
        -:  636:      return 4;
        -:  637:    case sea_hag:
        -:  638:      return 4;
        -:  639:    case treasure_map:
        -:  640:      return 4;
        -:  641:    }
        -:  642:	
        -:  643:  return -1;
        -:  644:}
        -:  645:
        -:  646:int smithyEffect(int currentPlayer, int handPos, struct gameState *state){
        -:  647:    int i;
        -:  648:
        -:  649:    //+3 Cards
        -:  650:    for (i = 0; i < 3; i++)
        -:  651:    {
        -:  652:        drawCard(currentPlayer, state);
        -:  653:    }
        -:  654:        
        -:  655:    //discard card from hand
        -:  656:    discardCard(handPos, currentPlayer, state, 1);
        -:  657:
        -:  658:    return 0;
        -:  659:}
        -:  660:
        -:  661:int adventuererEffect(int currentPlayer, struct gameState *state){
        -:  662:    int drawntreasure = 0;
        -:  663:    int cardDrawn = 0;
        -:  664:    int temphand[MAX_HAND];
        -:  665:    int z = 0;
        -:  666:
        -:  667:    while(drawntreasure<2){
        -:  668:        if (state->deckCount[currentPlayer] <1){//if the deck is empty we need to shuffle discard and add to deck
        -:  669:            shuffle(currentPlayer, state);
        -:  670:        }
        -:  671:        drawCard(currentPlayer, state);
        -:  672:        cardDrawn = state->hand[currentPlayer][state->handCount[currentPlayer]-1];//top card of hand is most recently drawn card.
        -:  673:        if (cardDrawn == copper || cardDrawn == silver || cardDrawn == gold)
        -:  674:            drawntreasure++;
        -:  675:        else{
        -:  676:            temphand[z]=cardDrawn;
        -:  677:            state->handCount[currentPlayer]--; //this should just remove the top card (the most recently drawn one).
        -:  678:            z++;
        -:  679:        }
        -:  680:    }
        -:  681:    while(z-1>=0){
        -:  682:        state->discard[currentPlayer][state->discardCount[currentPlayer]++]=temphand[z-1]; // discard all cards in play that have been drawn
        -:  683:        z=z-1;
        -:  684:    }
        -:  685:    return 0;
        -:  686:}
        -:  687:
        -:  688:int councilRoomEffect(int currentPlayer, int handPos, struct gameState *state){
        -:  689:    int i;
        -:  690:
        -:  691:    //+4 Cards
        -:  692:    for (i = 0; i < 4; i++)
        -:  693:    {
        -:  694:        drawCard(currentPlayer, state);
        -:  695:    }
        -:  696:        
        -:  697:    //+1 Buy
        -:  698:    state->numBuys += 1;
        -:  699:        
        -:  700:    //Each other player draws a card
        -:  701:    for (i = 0; i < state->numPlayers; i++)
        -:  702:    {
        -:  703:        if ( i != currentPlayer )
        -:  704:        {
        -:  705:          drawCard(i, state);
        -:  706:        }
        -:  707:    }
        -:  708:		
        -:  709:    //put played card in played card pile
        -:  710:    discardCard(handPos, currentPlayer, state, 0);
        -:  711:    return 0;
        -:  712:
        -:  713:}
        -:  714:
        -:  715:int feastEffect(int currentPlayer, int choice1, struct gameState *state){
        -:  716:    int i;
        -:  717:    int x;
        -:  718:    int temphand[MAX_HAND];
        -:  719:
        -:  720:    //gain card with cost up to 5
        -:  721:    //Backup hand
        -:  722:    for (i = 0; i <= state->handCount[currentPlayer]; i++){
        -:  723:        temphand[i] = state->hand[currentPlayer][i];//Backup card
        -:  724:        state->hand[currentPlayer][i] = -1;//Set to nothing
        -:  725:    }
        -:  726:    //Backup hand
        -:  727:
        -:  728:    //Update Coins for Buy
        -:  729:    updateCoins(currentPlayer, state, 10);
        -:  730:    x = 1;//Condition to loop on
        -:  731:    while( x == 1) {//Buy one card
        -:  732:        if (supplyCount(choice1, state) <= 0){
        -:  733:            if (DEBUG){
        -:  734:                printf("None of that card left, sorry!\n");
        -:  735:            }
        -:  736:            if (DEBUG){
        -:  737:                printf("Cards Left: %d\n", supplyCount(choice1, state));
        -:  738:                }
        -:  739:        }
        -:  740:        else if (state->coins < getCost(choice1)){
        -:  741:            printf("That card is too expensive!\n");
        -:  742:
        -:  743:            if (DEBUG){
        -:  744:            printf("Coins: %d < %d\n", state->coins, getCost(choice1));
        -:  745:            }
        -:  746:        }
        -:  747:        else{
        -:  748:            if (DEBUG){
        -:  749:            printf("Deck Count: %d\n", state->handCount[currentPlayer] + state->deckCount[currentPlayer] + state->discardCount[currentPlayer]);
        -:  750:            }
        -:  751:
        -:  752:            gainCard(choice1, state, 0, currentPlayer);//Gain the card
        -:  753:            x = 0;//No more buying cards
        -:  754:
        -:  755:            if (DEBUG){
        -:  756:                printf("Deck Count: %d\n", state->handCount[currentPlayer] + state->deckCount[currentPlayer] + state->discardCount[currentPlayer]);
        -:  757:            }
        -:  758:        }
        -:  759:    }     
        -:  760:
        -:  761:    //Reset Hand
        -:  762:    for (i = 0; i <= state->handCount[currentPlayer]; i++){
        -:  763:        state->hand[currentPlayer][i] = temphand[i];
        -:  764:        temphand[i] = -1;
        -:  765:    }
        -:  766:    //Reset Hand
        -:  767:    return 0;
        -:  768:
        -:  769:}
        -:  770:
        -:  771:int mineEffect(int currentPlayer, int choice1, int choice2, int handPos, struct gameState *state){
        -:  772:    int i;
        -:  773:    int j;
        -:  774:      j = state->hand[currentPlayer][choice1];  //store card we will trash
        -:  775:
        -:  776:      if (state->hand[currentPlayer][choice1] < copper || state->hand[currentPlayer][choice1] > gold)
        -:  777:	{
        -:  778:	  return -1;
        -:  779:	}
        -:  780:		
        -:  781:      if (choice2 > treasure_map || choice2 < curse)
        -:  782:	{
        -:  783:	  return -1;
        -:  784:	}
        -:  785:
        -:  786:      if ( (getCost(state->hand[currentPlayer][choice1]) + 3) > getCost(choice2) )
        -:  787:	{
        -:  788:	  return -1;
        -:  789:	}
        -:  790:
        -:  791:      gainCard(choice2, state, 2, currentPlayer);
        -:  792:
        -:  793:      //discard card from hand
        -:  794:      discardCard(handPos, currentPlayer, state, 0);
        -:  795:
        -:  796:      //discard trashed card
        -:  797:      for (i = 0; i < state->handCount[currentPlayer]; i++)
        -:  798:	{
        -:  799:	  if (state->hand[currentPlayer][i] == j)
        -:  800:	    {
        -:  801:	      discardCard(i, currentPlayer, state, 0);			
        -:  802:	      break;
        -:  803:	    }
        -:  804:	}
        -:  805:			
        -:  806:    return 0;
        -:  807:}
        -:  808:int remodelEffect(int currentPlayer, int choice1, int choice2, int handPos, struct gameState *state){
        -:  809:    int j;
        -:  810:    int i;
        -:  811:
        -:  812:      j = state->hand[currentPlayer][choice1];  //store card we will trash
        -:  813:
        -:  814:      if ( (getCost(state->hand[currentPlayer][choice1]) + 2) > getCost(choice2) )
        -:  815:	{
        -:  816:	  return -1;
        -:  817:	}
        -:  818:
        -:  819:      gainCard(choice2, state, 0, currentPlayer);
        -:  820:
        -:  821:      //discard card from hand
        -:  822:      discardCard(handPos, currentPlayer, state, 0);
        -:  823:
        -:  824:      //discard trashed card
        -:  825:      for (i = 0; i < state->handCount[currentPlayer]; i++)
        -:  826:	{
        -:  827:	  if (state->hand[currentPlayer][i] == j)
        -:  828:	    {
        -:  829:	      discardCard(i, currentPlayer, state, 0);			
        -:  830:	      break;
        -:  831:	    }
        -:  832:	}
        -:  833:    return 0;
        -:  834:}
        -:  835:
        -:  836:int cardEffect(int card, int choice1, int choice2, int choice3, struct gameState *state, int handPos, int *bonus)
        -:  837:{
        -:  838:  int i;
        -:  839:  int j;
        -:  840:  int k;
        -:  841:  int x;
        -:  842:  int index;
        -:  843:  int currentPlayer = whoseTurn(state);
        -:  844:  int nextPlayer = currentPlayer + 1;
        -:  845:  int tributeRevealedCards[2] = {-1, -1};
        -:  846:  int temphand[MAX_HAND];// moved above the if statement
        -:  847:  int drawntreasure=0;
        -:  848:  int cardDrawn;
        -:  849:  if (nextPlayer > (state->numPlayers - 1)){
        -:  850:    nextPlayer = 0;
        -:  851:  }
        -:  852:  
        -:  853:	
        -:  854:  //uses switch to select card and perform actions
        -:  855:  switch( card ) 
        -:  856:    {
        -:  857:    case adventurer:
        -:  858:        return adventuererEffect(currentPlayer, state);
        -:  859:
        -:  860:    case council_room:
        -:  861:        return councilRoomEffect(currentPlayer, handPos, state);
        -:  862:			
        -:  863:    case feast:
        -:  864:        return feastEffect(currentPlayer, choice1, state);
        -:  865:			
        -:  866:    case gardens:
        -:  867:      return -1;
        -:  868:			
        -:  869:    case mine:
        -:  870:      return mineEffect(currentPlayer, choice1, choice2, handPos, state);
        -:  871:			
        -:  872:    case remodel:
        -:  873:      return  remodelEffect(currentPlayer, choice1, choice2, handPos, state);
        -:  874:		
        -:  875:    case smithy:
        -:  876:      smithyEffect(currentPlayer, handPos, state);
        -:  877:      return 0;
        -:  878:		
        -:  879:    case village:
        -:  880:      //+1 Card
        -:  881:      drawCard(currentPlayer, state);
        -:  882:			
        -:  883:      //+2 Actions
        -:  884:      state->numActions = state->numActions + 2;
        -:  885:			
        -:  886:      //discard played card from hand
        -:  887:      discardCard(handPos, currentPlayer, state, 0);
        -:  888:      return 0;
        -:  889:		
        -:  890:    case baron:
        -:  891:      state->numBuys++;//Increase buys by 1!
        -:  892:      if (choice1 > 0){//Boolean true or going to discard an estate
        -:  893:	int p = 0;//Iterator for hand!
        -:  894:	int card_not_discarded = 1;//Flag for discard set!
        -:  895:	while(card_not_discarded){
        -:  896:	  if (state->hand[currentPlayer][p] == estate){//Found an estate card!
        -:  897:	    state->coins += 4;//Add 4 coins to the amount of coins
        -:  898:	    state->discard[currentPlayer][state->discardCount[currentPlayer]] = state->hand[currentPlayer][p];
        -:  899:	    state->discardCount[currentPlayer]++;
        -:  900:	    for (;p < state->handCount[currentPlayer]; p++){
        -:  901:	      state->hand[currentPlayer][p] = state->hand[currentPlayer][p+1];
        -:  902:	    }
        -:  903:	    state->hand[currentPlayer][state->handCount[currentPlayer]] = -1;
        -:  904:	    state->handCount[currentPlayer]--;
        -:  905:	    card_not_discarded = 0;//Exit the loop
        -:  906:	  }
        -:  907:	  else if (p > state->handCount[currentPlayer]){
        -:  908:	    if(DEBUG) {
        -:  909:	      printf("No estate cards in your hand, invalid choice\n");
        -:  910:	      printf("Must gain an estate if there are any\n");
        -:  911:	    }
        -:  912:	    if (supplyCount(estate, state) > 0){
        -:  913:	      gainCard(estate, state, 0, currentPlayer);
        -:  914:	      state->supplyCount[estate]--;//Decrement estates
        -:  915:	      if (supplyCount(estate, state) == 0){
        -:  916:		isGameOver(state);
        -:  917:	      }
        -:  918:	    }
        -:  919:	    card_not_discarded = 0;//Exit the loop
        -:  920:	  }
        -:  921:			    
        -:  922:	  else{
        -:  923:	    p++;//Next card
        -:  924:	  }
        -:  925:	}
        -:  926:      }
        -:  927:			    
        -:  928:      else{
        -:  929:	if (supplyCount(estate, state) > 0){
        -:  930:	  gainCard(estate, state, 0, currentPlayer);//Gain an estate
        -:  931:	  state->supplyCount[estate]--;//Decrement Estates
        -:  932:	  if (supplyCount(estate, state) == 0){
        -:  933:	    isGameOver(state);
        -:  934:	  }
        -:  935:	}
        -:  936:      }
        -:  937:	    
        -:  938:      
        -:  939:      return 0;
        -:  940:		
        -:  941:    case great_hall:
        -:  942:      //+1 Card
        -:  943:      drawCard(currentPlayer, state);
        -:  944:			
        -:  945:      //+1 Actions
        -:  946:      state->numActions++;
        -:  947:			
        -:  948:      //discard card from hand
        -:  949:      discardCard(handPos, currentPlayer, state, 0);
        -:  950:      return 0;
        -:  951:		
        -:  952:    case minion:
        -:  953:      //+1 action
        -:  954:      state->numActions++;
        -:  955:			
        -:  956:      //discard card from hand
        -:  957:      discardCard(handPos, currentPlayer, state, 0);
        -:  958:			
        -:  959:      if (choice1)		//+2 coins
        -:  960:	{
        -:  961:	  state->coins = state->coins + 2;
        -:  962:	}
        -:  963:			
        -:  964:      else if (choice2)		//discard hand, redraw 4, other players with 5+ cards discard hand and draw 4
        -:  965:	{
        -:  966:	  //discard hand
        -:  967:	  while(numHandCards(state) > 0)
        -:  968:	    {
        -:  969:	      discardCard(handPos, currentPlayer, state, 0);
        -:  970:	    }
        -:  971:				
        -:  972:	  //draw 4
        -:  973:	  for (i = 0; i < 4; i++)
        -:  974:	    {
        -:  975:	      drawCard(currentPlayer, state);
        -:  976:	    }
        -:  977:				
        -:  978:	  //other players discard hand and redraw if hand size > 4
        -:  979:	  for (i = 0; i < state->numPlayers; i++)
        -:  980:	    {
        -:  981:	      if (i != currentPlayer)
        -:  982:		{
        -:  983:		  if ( state->handCount[i] > 4 )
        -:  984:		    {
        -:  985:		      //discard hand
        -:  986:		      while( state->handCount[i] > 0 )
        -:  987:			{
        -:  988:			  discardCard(handPos, i, state, 0);
        -:  989:			}
        -:  990:							
        -:  991:		      //draw 4
        -:  992:		      for (j = 0; j < 4; j++)
        -:  993:			{
        -:  994:			  drawCard(i, state);
        -:  995:			}
        -:  996:		    }
        -:  997:		}
        -:  998:	    }
        -:  999:				
        -: 1000:	}
        -: 1001:      return 0;
        -: 1002:		
        -: 1003:    case steward:
        -: 1004:      if (choice1 == 1)
        -: 1005:	{
        -: 1006:	  //+2 cards
        -: 1007:	  drawCard(currentPlayer, state);
        -: 1008:	  drawCard(currentPlayer, state);
        -: 1009:	}
        -: 1010:      else if (choice1 == 2)
        -: 1011:	{
        -: 1012:	  //+2 coins
        -: 1013:	  state->coins = state->coins + 2;
        -: 1014:	}
        -: 1015:      else
        -: 1016:	{
        -: 1017:	  //trash 2 cards in hand
        -: 1018:	  discardCard(choice2, currentPlayer, state, 1);
        -: 1019:	  discardCard(choice3, currentPlayer, state, 1);
        -: 1020:	}
        -: 1021:			
        -: 1022:      //discard card from hand
        -: 1023:      discardCard(handPos, currentPlayer, state, 0);
        -: 1024:      return 0;
        -: 1025:		
        -: 1026:    case tribute:
        -: 1027:      if ((state->discardCount[nextPlayer] + state->deckCount[nextPlayer]) <= 1){
        -: 1028:	if (state->deckCount[nextPlayer] > 0){
        -: 1029:	  tributeRevealedCards[0] = state->deck[nextPlayer][state->deckCount[nextPlayer]-1];
        -: 1030:	  state->deckCount[nextPlayer]--;
        -: 1031:	}
        -: 1032:	else if (state->discardCount[nextPlayer] > 0){
        -: 1033:	  tributeRevealedCards[0] = state->discard[nextPlayer][state->discardCount[nextPlayer]-1];
        -: 1034:	  state->discardCount[nextPlayer]--;
        -: 1035:	}
        -: 1036:	else{
        -: 1037:	  //No Card to Reveal
        -: 1038:	  if (DEBUG){
        -: 1039:	    printf("No cards to reveal\n");
        -: 1040:	  }
        -: 1041:	}
        -: 1042:      }
        -: 1043:	    
        -: 1044:      else{
        -: 1045:	if (state->deckCount[nextPlayer] == 0){
        -: 1046:	  for (i = 0; i < state->discardCount[nextPlayer]; i++){
        -: 1047:	    state->deck[nextPlayer][i] = state->discard[nextPlayer][i];//Move to deck
        -: 1048:	    state->deckCount[nextPlayer]++;
        -: 1049:	    state->discard[nextPlayer][i] = -1;
        -: 1050:	    state->discardCount[nextPlayer]--;
        -: 1051:	  }
        -: 1052:			    
        -: 1053:	  shuffle(nextPlayer,state);//Shuffle the deck
        -: 1054:	} 
        -: 1055:	tributeRevealedCards[0] = state->deck[nextPlayer][state->deckCount[nextPlayer]-1];
        -: 1056:	state->deck[nextPlayer][state->deckCount[nextPlayer]--] = -1;
        -: 1057:	state->deckCount[nextPlayer]--;
        -: 1058:	tributeRevealedCards[1] = state->deck[nextPlayer][state->deckCount[nextPlayer]-1];
        -: 1059:	state->deck[nextPlayer][state->deckCount[nextPlayer]--] = -1;
        -: 1060:	state->deckCount[nextPlayer]--;
        -: 1061:      }    
        -: 1062:		       
        -: 1063:      if (tributeRevealedCards[0] == tributeRevealedCards[1]){//If we have a duplicate card, just drop one 
        -: 1064:	state->playedCards[state->playedCardCount] = tributeRevealedCards[1];
        -: 1065:	state->playedCardCount++;
        -: 1066:	tributeRevealedCards[1] = -1;
        -: 1067:      }
        -: 1068:
        -: 1069:      for (i = 0; i <= 2; i ++){
        -: 1070:	if (tributeRevealedCards[i] == copper || tributeRevealedCards[i] == silver || tributeRevealedCards[i] == gold){//Treasure cards
        -: 1071:	  state->coins += 2;
        -: 1072:	}
        -: 1073:		    
        -: 1074:	else if (tributeRevealedCards[i] == estate || tributeRevealedCards[i] == duchy || tributeRevealedCards[i] == province || tributeRevealedCards[i] == gardens || tributeRevealedCards[i] == great_hall){//Victory Card Found
        -: 1075:	  drawCard(currentPlayer, state);
        -: 1076:	  drawCard(currentPlayer, state);
        -: 1077:	}
        -: 1078:	else{//Action Card
        -: 1079:	  state->numActions = state->numActions + 2;
        -: 1080:	}
        -: 1081:      }
        -: 1082:	    
        -: 1083:      return 0;
        -: 1084:		
        -: 1085:    case ambassador:
        -: 1086:      j = 0;		//used to check if player has enough cards to discard
        -: 1087:
        -: 1088:      if (choice2 > 2 || choice2 < 0)
        -: 1089:	{
        -: 1090:	  return -1;				
        -: 1091:	}
        -: 1092:
        -: 1093:      if (choice1 == handPos)
        -: 1094:	{
        -: 1095:	  return -1;
        -: 1096:	}
        -: 1097:
        -: 1098:      for (i = 0; i < state->handCount[currentPlayer]; i++)
        -: 1099:	{
        -: 1100:	  if (i != handPos && i == state->hand[currentPlayer][choice1] && i != choice1)
        -: 1101:	    {
        -: 1102:	      j++;
        -: 1103:	    }
        -: 1104:	}
        -: 1105:      if (j < choice2)
        -: 1106:	{
        -: 1107:	  return -1;				
        -: 1108:	}
        -: 1109:
        -: 1110:      if (DEBUG) 
        -: 1111:	printf("Player %d reveals card number: %d\n", currentPlayer, state->hand[currentPlayer][choice1]);
        -: 1112:
        -: 1113:      //increase supply count for choosen card by amount being discarded
        -: 1114:      state->supplyCount[state->hand[currentPlayer][choice1]] += choice2;
        -: 1115:			
        -: 1116:      //each other player gains a copy of revealed card
        -: 1117:      for (i = 0; i < state->numPlayers; i++)
        -: 1118:	{
        -: 1119:	  if (i != currentPlayer)
        -: 1120:	    {
        -: 1121:	      gainCard(state->hand[currentPlayer][choice1], state, 0, i);
        -: 1122:	    }
        -: 1123:	}
        -: 1124:
        -: 1125:      //discard played card from hand
        -: 1126:      discardCard(handPos, currentPlayer, state, 0);			
        -: 1127:
        -: 1128:      //trash copies of cards returned to supply
        -: 1129:      for (j = 0; j < choice2; j++)
        -: 1130:	{
        -: 1131:	  for (i = 0; i < state->handCount[currentPlayer]; i++)
        -: 1132:	    {
        -: 1133:	      if (state->hand[currentPlayer][i] == state->hand[currentPlayer][choice1])
        -: 1134:		{
        -: 1135:		  discardCard(i, currentPlayer, state, 1);
        -: 1136:		  break;
        -: 1137:		}
        -: 1138:	    }
        -: 1139:	}			
        -: 1140:
        -: 1141:      return 0;
        -: 1142:		
        -: 1143:    case cutpurse:
        -: 1144:
        -: 1145:      updateCoins(currentPlayer, state, 2);
        -: 1146:      for (i = 0; i < state->numPlayers; i++)
        -: 1147:	{
        -: 1148:	  if (i != currentPlayer)
        -: 1149:	    {
        -: 1150:	      for (j = 0; j < state->handCount[i]; j++)
        -: 1151:		{
        -: 1152:		  if (state->hand[i][j] == copper)
        -: 1153:		    {
        -: 1154:		      discardCard(j, i, state, 0);
        -: 1155:		      break;
        -: 1156:		    }
        -: 1157:		  if (j == state->handCount[i])
        -: 1158:		    {
        -: 1159:		      for (k = 0; k < state->handCount[i]; k++)
        -: 1160:			{
        -: 1161:			  if (DEBUG)
        -: 1162:			    printf("Player %d reveals card number %d\n", i, state->hand[i][k]);
        -: 1163:			}	
        -: 1164:		      break;
        -: 1165:		    }		
        -: 1166:		}
        -: 1167:					
        -: 1168:	    }
        -: 1169:				
        -: 1170:	}				
        -: 1171:
        -: 1172:      //discard played card from hand
        -: 1173:      discardCard(handPos, currentPlayer, state, 0);			
        -: 1174:
        -: 1175:      return 0;
        -: 1176:
        -: 1177:		
        -: 1178:    case embargo: 
        -: 1179:      //+2 Coins
        -: 1180:      state->coins = state->coins + 2;
        -: 1181:			
        -: 1182:      //see if selected pile is in play
        -: 1183:      if ( state->supplyCount[choice1] == -1 )
        -: 1184:	{
        -: 1185:	  return -1;
        -: 1186:	}
        -: 1187:			
        -: 1188:      //add embargo token to selected supply pile
        -: 1189:      state->embargoTokens[choice1]++;
        -: 1190:			
        -: 1191:      //trash card
        -: 1192:      discardCard(handPos, currentPlayer, state, 1);		
        -: 1193:      return 0;
        -: 1194:		
        -: 1195:    case outpost:
        -: 1196:      //set outpost flag
        -: 1197:      state->outpostPlayed++;
        -: 1198:			
        -: 1199:      //discard card
        -: 1200:      discardCard(handPos, currentPlayer, state, 0);
        -: 1201:      return 0;
        -: 1202:		
        -: 1203:    case salvager:
        -: 1204:      //+1 buy
        -: 1205:      state->numBuys++;
        -: 1206:			
        -: 1207:      if (choice1)
        -: 1208:	{
        -: 1209:	  //gain coins equal to trashed card
        -: 1210:	  state->coins = state->coins + getCost( handCard(choice1, state) );
        -: 1211:	  //trash card
        -: 1212:	  discardCard(choice1, currentPlayer, state, 1);	
        -: 1213:	}
        -: 1214:			
        -: 1215:      //discard card
        -: 1216:      discardCard(handPos, currentPlayer, state, 0);
        -: 1217:      return 0;
        -: 1218:		
        -: 1219:    case sea_hag:
        -: 1220:      for (i = 0; i < state->numPlayers; i++){
        -: 1221:	if (i != currentPlayer){
        -: 1222:	  state->discard[i][state->discardCount[i]] = state->deck[i][state->deckCount[i]--];			    state->deckCount[i]--;
        -: 1223:	  state->discardCount[i]++;
        -: 1224:	  state->deck[i][state->deckCount[i]--] = curse;//Top card now a curse
        -: 1225:	}
        -: 1226:      }
        -: 1227:      return 0;
        -: 1228:		
        -: 1229:    case treasure_map:
        -: 1230:      //search hand for another treasure_map
        -: 1231:      index = -1;
        -: 1232:      for (i = 0; i < state->handCount[currentPlayer]; i++)
        -: 1233:	{
        -: 1234:	  if (state->hand[currentPlayer][i] == treasure_map && i != handPos)
        -: 1235:	    {
        -: 1236:	      index = i;
        -: 1237:	      break;
        -: 1238:	    }
        -: 1239:	}
        -: 1240:      if (index > -1)
        -: 1241:	{
        -: 1242:	  //trash both treasure cards
        -: 1243:	  discardCard(handPos, currentPlayer, state, 1);
        -: 1244:	  discardCard(index, currentPlayer, state, 1);
        -: 1245:
        -: 1246:	  //gain 4 Gold cards
        -: 1247:	  for (i = 0; i < 4; i++)
        -: 1248:	    {
        -: 1249:	      gainCard(gold, state, 1, currentPlayer);
        -: 1250:	    }
        -: 1251:				
        -: 1252:	  //return success
        -: 1253:	  return 1;
        -: 1254:	}
        -: 1255:			
        -: 1256:      //no second treasure_map found in hand
        -: 1257:      return -1;
        -: 1258:    }
        -: 1259:	
        -: 1260:  return -1;
        -: 1261:}
        -: 1262:
        -: 1263:int discardCard(int handPos, int currentPlayer, struct gameState *state, int trashFlag)
        -: 1264:{
        -: 1265:	
        -: 1266:  //if card is not trashed, added to Played pile 
        -: 1267:  if (trashFlag < 1)
        -: 1268:    {
        -: 1269:      //add card to played pile
        -: 1270:      state->playedCards[state->playedCardCount] = state->hand[currentPlayer][handPos]; 
        -: 1271:      state->playedCardCount++;
        -: 1272:    }
        -: 1273:	
        -: 1274:  //set played card to -1
        -: 1275:  state->hand[currentPlayer][handPos] = -1;
        -: 1276:	
        -: 1277:  //remove card from player's hand
        -: 1278:  if ( handPos == (state->handCount[currentPlayer] - 1) ) 	//last card in hand array is played
        -: 1279:    {
        -: 1280:      //reduce number of cards in hand
        -: 1281:      state->handCount[currentPlayer]--;
        -: 1282:    }
        -: 1283:  else if ( state->handCount[currentPlayer] == 1 ) //only one card in hand
        -: 1284:    {
        -: 1285:      //reduce number of cards in hand
        -: 1286:      state->handCount[currentPlayer]--;
        -: 1287:    }
        -: 1288:  else 	
        -: 1289:    {
        -: 1290:      //replace discarded card with last card in hand
        -: 1291:      state->hand[currentPlayer][handPos] = state->hand[currentPlayer][ (state->handCount[currentPlayer] - 1)];
        -: 1292:      //set last card to -1
        -: 1293:      state->hand[currentPlayer][state->handCount[currentPlayer] - 1] = -1;
        -: 1294:      //reduce number of cards in hand
        -: 1295:      state->handCount[currentPlayer]--;
        -: 1296:    }
        -: 1297:	
        -: 1298:  return 0;
        -: 1299:}
        -: 1300:
        -: 1301:int gainCard(int supplyPos, struct gameState *state, int toFlag, int player)
        -: 1302:{
        -: 1303:  //Note: supplyPos is enum of choosen card
        -: 1304:	
        -: 1305:  //check if supply pile is empty (0) or card is not used in game (-1)
        -: 1306:  if ( supplyCount(supplyPos, state) < 1 )
        -: 1307:    {
        -: 1308:      return -1;
        -: 1309:    }
        -: 1310:	
        -: 1311:  //added card for [whoseTurn] current player:
        -: 1312:  // toFlag = 0 : add to discard
        -: 1313:  // toFlag = 1 : add to deck
        -: 1314:  // toFlag = 2 : add to hand
        -: 1315:
        -: 1316:  if (toFlag == 1)
        -: 1317:    {
        -: 1318:      state->deck[ player ][ state->deckCount[player] ] = supplyPos;
        -: 1319:      state->deckCount[player]++;
        -: 1320:    }
        -: 1321:  else if (toFlag == 2)
        -: 1322:    {
        -: 1323:      state->hand[ player ][ state->handCount[player] ] = supplyPos;
        -: 1324:      state->handCount[player]++;
        -: 1325:    }
        -: 1326:  else
        -: 1327:    {
        -: 1328:      state->discard[player][ state->discardCount[player] ] = supplyPos;
        -: 1329:      state->discardCount[player]++;
        -: 1330:    }
        -: 1331:	
        -: 1332:  //decrease number in supply pile
        -: 1333:  state->supplyCount[supplyPos]--;
        -: 1334:	 
        -: 1335:  return 0;
        -: 1336:}
        -: 1337:
        -: 1338:int updateCoins(int player, struct gameState *state, int bonus)
        -: 1339:{
        -: 1340:  int i;
        -: 1341:	
        -: 1342:  //reset coin count
        -: 1343:  state->coins = 0;
        -: 1344:
        -: 1345:  //add coins for each Treasure card in player's hand
        -: 1346:  for (i = 0; i < state->handCount[player]; i++)
        -: 1347:    {
        -: 1348:      if (state->hand[player][i] == copper)
        -: 1349:	{
        -: 1350:	  state->coins += 1;
        -: 1351:	}
        -: 1352:      else if (state->hand[player][i] == silver)
        -: 1353:	{
        -: 1354:	  state->coins += 2;
        -: 1355:	}
        -: 1356:      else if (state->hand[player][i] == gold)
        -: 1357:	{
        -: 1358:	  state->coins += 1;
        -: 1359:	}	
        -: 1360:    }	
        -: 1361:
        -: 1362:  //add bonus
        -: 1363:  state->coins += bonus;
        -: 1364:
        -: 1365:  return 0;
        -: 1366:}
        -: 1367:
        -: 1368:
        -: 1369://end of dominion.c
        -: 1370:
