        -:    0:Source:tests/unitTests/unittest1.c
        -:    0:Graph:unittest1.gcno
        -:    0:Data:unittest1.gcda
        -:    0:Runs:1
        -:    0:Programs:1
        -:    1:#include <string.h>
        -:    2:#include <stdio.h>
        -:    3:#include <assert.h>
        -:    4:#include <math.h>
        -:    5:
        -:    6:#include "rngs.h"
        -:    7:#include "dominion.h"
        -:    8:#include "dominion_helpers.h"
        -:    9:
        1:   10:int main (int argc, char **argv) {
        -:   11:
        1:   12:  int NUM_TESTS = 2000;
        1:   13:  int numDraws = 0;
        1:   14:  int fails = 0;
        -:   15:  int j, i, n, p, r;
        -:   16:
        -:   17:  struct gameState G;
        -:   18:  struct gameState post;
        1:   19:  SelectStream(2);
        1:   20:  PutSeed(3);
        -:   21:
        -:   22:
     2001:   23:    for (n = 0; n < NUM_TESTS; n++) {
 52602000:   24:        for (i = 0; i < sizeof(struct gameState); i++) {
 52600000:   25:          ((char *) &G)[i] = floor(Random() * 256);
        -:   26:        }
        -:   27:        //printf("Drawcard test %d of %d \n", n, NUM_TESTS);
        -:   28:
        -:   29:
     2000:   30:        numDraws = floor(Random() * 10);
     2000:   31:        numDraws++;
     2000:   32:        p = floor(Random() * 2);
     2000:   33:        G.deckCount[p] = floor(Random() * MAX_DECK);
     2000:   34:        G.discardCount[p] = floor(Random() * MAX_DECK);
     2000:   35:        G.handCount[p] = floor(Random() * MAX_HAND);
        -:   36:
        -:   37:        /*
        -:   38:        printf("\tPlayer        = %d\n", p);
        -:   39:        printf("\tDeckcount     = %d\n", G.deckCount[p]);
        -:   40:        printf("\tDiscardCount  = %d\n", G.discardCount[p]);
        -:   41:        printf("\tHandCount     = %d\n", G.handCount[p]);
        -:   42:        printf("\tNumDraws      = %d\n", numDraws);
        -:   43:        */
        -:   44:
     2000:   45:        memcpy((void *) &post, (void *) &G, sizeof(struct gameState));
        -:   46:
     2000:   47:        post.handCount[p] += numDraws;
        -:   48:
    12963:   49:        for(j = 0; j < numDraws; j++){
        -:   50:            //printf("\t Drawing card %d of %d....\n", j, numDraws);
    10963:   51:            r = drawCard (p, &G);
        -:   52:            if(r == -1){
        -:   53:             //   printf("\tPossible failure....\n");
        -:   54:            }
        -:   55:        }   
        -:   56:        
        -:   57:        /*
        -:   58:        printf("Test %d of %d with %d draws......", n, NUM_TESTS, numDraws);
        -:   59:        printf("\t\t Expected %d - Recived %d......\n", post.handCount[p], G.handCount[p]);
        -:   60:        */
        -:   61:
     2000:   62:        if(G.handCount[p] != post.handCount[p]){
    #####:   63:            fails++;
        -:   64:           // printf("FAILED!\n");
        -:   65:            //printf("\t\t Expected %d - Recived %d......\n", post.handCount[p], G.handCount[p]);
        -:   66:        }else{
        -:   67:            //printf("PASSED\n");
        -:   68:        }
        -:   69:    } 
        -:   70:    
        1:   71:    printf("Num fails %d of %d tests\n", fails, NUM_TESTS);
        -:   72:
        -:   73:
        1:   74:    return 0;
        -:   75:
        -:   76:}
        -:   77:
        -:   78:
        -:   79:
