        -:    0:Source:playdom.c
        -:    0:Graph:playdom.gcno
        -:    0:Data:playdom.gcda
        -:    0:Runs:1
        -:    0:Programs:1
        -:    1:#include "dominion.h"
        -:    2:#include <stdio.h>
        -:    3:#include "rngs.h"
        -:    4:#include <stdlib.h>
        -:    5:
        -:    6:int main (int argc, char** argv) {
        -:    7:  struct gameState G;
        1:    8:  int k[10] = {adventurer, gardens, embargo, village, minion, mine, cutpurse, 
        -:    9:           sea_hag, tribute, smithy};
        -:   10:  
        1:   11:  printf ("Starting game.\n");
        -:   12:  
        1:   13:  initializeGame(2, k, atoi(argv[1]), &G);
        -:   14:  
        1:   15:  int money = 0;
        1:   16:  int smithyPos = -1;
        1:   17:  int adventurerPos = -1;
        1:   18:  int i=0;
        -:   19:
        1:   20:  int numSmithies = 0;
        1:   21:  int numAdventurers = 0;
        -:   22:
       68:   23:  while (!isGameOver(&G)) {
       33:   24:    money = 0;
       33:   25:    smithyPos = -1;
       33:   26:    adventurerPos = -1;
      396:   27:    for (i = 0; i < numHandCards(&G); i++) {
      165:   28:      if (handCard(i, &G) == copper)
       80:   29:    money++;
       85:   30:      else if (handCard(i, &G) == silver)
       31:   31:    money += 2;
       54:   32:      else if (handCard(i, &G) == gold)
        9:   33:    money += 3;
       45:   34:      else if (handCard(i, &G) == smithy)
        2:   35:    smithyPos = i;
       43:   36:      else if (handCard(i, &G) == adventurer)
        4:   37:    adventurerPos = i;
      165:   38:    }
        -:   39:
       33:   40:    if (whoseTurn(&G) == 0) {
       17:   41:      if (smithyPos != -1) {
        2:   42:        printf("0: smithy played from position %d\n", smithyPos); 
        2:   43:	playCard(smithyPos, -1, -1, -1, &G); 
        2:   44:	printf("smithy played.\n");
        2:   45:	money = 0;
        2:   46:	i=0;
       36:   47:	while(i<numHandCards(&G)){
       16:   48:	  if (handCard(i, &G) == copper){
       10:   49:	    playCard(i, -1, -1, -1, &G);
       10:   50:	    money++;
       10:   51:	  }
        6:   52:	  else if (handCard(i, &G) == silver){
        2:   53:	    playCard(i, -1, -1, -1, &G);
        2:   54:	    money += 2;
        2:   55:	  }
        4:   56:	  else if (handCard(i, &G) == gold){
        1:   57:	    playCard(i, -1, -1, -1, &G);
        1:   58:	    money += 3;
        1:   59:	  }
       16:   60:	  i++;
        -:   61:	}
        2:   62:      }
        -:   63:
       17:   64:      if (money >= 8) {
        4:   65:        printf("0: bought province\n"); 
        4:   66:        buyCard(province, &G);
        4:   67:      }
       13:   68:      else if (money >= 6) {
        5:   69:        printf("0: bought gold\n"); 
        5:   70:        buyCard(gold, &G);
        5:   71:      }
       12:   72:      else if ((money >= 4) && (numSmithies < 2)) {
        2:   73:        printf("0: bought smithy\n"); 
        2:   74:        buyCard(smithy, &G);
        2:   75:        numSmithies++;
        2:   76:      }
        6:   77:      else if (money >= 3) {
        5:   78:        printf("0: bought silver\n"); 
        5:   79:        buyCard(silver, &G);
        5:   80:      }
        -:   81:
       17:   82:      printf("0: end turn\n");
       17:   83:      endTurn(&G);
       17:   84:    }
        -:   85:    else {
       16:   86:      if (adventurerPos != -1) {
        4:   87:        printf("1: adventurer played from position %d\n", adventurerPos);
        4:   88:	playCard(adventurerPos, -1, -1, -1, &G); 
        4:   89:	money = 0;
        4:   90:	i=0;
       72:   91:	while(i<numHandCards(&G)){
       32:   92:	  if (handCard(i, &G) == copper){
       11:   93:	    playCard(i, -1, -1, -1, &G);
       11:   94:	    money++;         
       11:   95:	  }
       21:   96:	  else if (handCard(i, &G) == silver){
       10:   97:	    playCard(i, -1, -1, -1, &G);
       10:   98:	    money += 2;
       10:   99:	  }
       11:  100:	  else if (handCard(i, &G) == gold){
        1:  101:	    playCard(i, -1, -1, -1, &G);
        1:  102:	    money += 3;
        1:  103:	  }
       32:  104:	  i++;
        -:  105:	}
        4:  106:      }
        -:  107:
       16:  108:      if (money >= 8) {
        4:  109:        printf("1: bought province\n");
        4:  110:        buyCard(province, &G);
        4:  111:      }
       16:  112:      else if ((money >= 6) && (numAdventurers < 2)) {
        2:  113:        printf("1: bought adventurer\n");
        2:  114:	buyCard(adventurer, &G);
        2:  115:	numAdventurers++;
       12:  116:      }else if (money >= 6){
        2:  117:        printf("1: bought gold\n");
        2:  118:	    buyCard(gold, &G);
        2:  119:        }
        8:  120:      else if (money >= 3){
        8:  121:        printf("1: bought silver\n");
        8:  122:	    buyCard(silver, &G);
        8:  123:      }
       16:  124:      printf("1: endTurn\n");
        -:  125:      
       16:  126:      endTurn(&G);      
        -:  127:    }
        -:  128:  } // end of While
        -:  129:
        1:  130:  printf ("Finished game.\n");
        1:  131:  printf ("Player 0: %d\nPlayer 1: %d\n", scoreFor(0, &G), scoreFor(1, &G));
        -:  132:
        1:  133:  return 0;
        -:  134:}
