        -:    0:Source:dominion.c
        -:    0:Graph:dominion.gcno
        -:    0:Data:dominion.gcda
        -:    0:Runs:8
        -:    0:Programs:8
        -:    1:#include "dominion.h"
        -:    2:#include "dominion_helpers.h"
        -:    3:#include "rngs.h"
        -:    4:#include <stdio.h>
        -:    5:#include <math.h>
        -:    6:#include <stdlib.h>
        -:    7:
function compare called 1723 returned 100% blocks executed 100%
     1723:    8:int compare(const void* a, const void* b) {
     1723:    9:  if (*(int*)a > *(int*)b)
branch  0 taken 43% (fallthrough)
branch  1 taken 57%
      741:   10:    return 1;
      982:   11:  if (*(int*)a < *(int*)b)
branch  0 taken 82% (fallthrough)
branch  1 taken 18%
      806:   12:    return -1;
      176:   13:  return 0;
        -:   14:}
        -:   15:
function newGame called 0 returned 0% blocks executed 0%
    #####:   16:struct gameState* newGame() {
    #####:   17:  struct gameState* g = malloc(sizeof(struct gameState));
    #####:   18:  return g;
        -:   19:}
        -:   20:
function kingdomCards called 0 returned 0% blocks executed 0%
    #####:   21:int* kingdomCards(int k1, int k2, int k3, int k4, int k5, int k6, int k7,
        -:   22:		  int k8, int k9, int k10) {
    #####:   23:  int* k = malloc(10 * sizeof(int));
    #####:   24:  k[0] = k1;
    #####:   25:  k[1] = k2;
    #####:   26:  k[2] = k3;
    #####:   27:  k[3] = k4;
    #####:   28:  k[4] = k5;
    #####:   29:  k[5] = k6;
    #####:   30:  k[6] = k7;
    #####:   31:  k[7] = k8;
    #####:   32:  k[8] = k9;
    #####:   33:  k[9] = k10;
    #####:   34:  return k;
        -:   35:}
        -:   36:
function initializeGame called 8 returned 100% blocks executed 83%
        8:   37:int initializeGame(int numPlayers, int kingdomCards[10], int randomSeed,
        -:   38:		   struct gameState *state) {
        -:   39:
        -:   40:  int i;
        -:   41:  int j;
        -:   42:  int it;			
        -:   43:  //set up random number generator
        8:   44:  SelectStream(1);
call    0 returned 100%
        8:   45:  PutSeed((long)randomSeed);
call    0 returned 100%
        -:   46:  
        -:   47:  //check number of players
        8:   48:  if (numPlayers > MAX_PLAYERS || numPlayers < 2)
branch  0 taken 100% (fallthrough)
branch  1 taken 0%
branch  2 taken 0% (fallthrough)
branch  3 taken 100%
        -:   49:    {
    #####:   50:      return -1;
        -:   51:    }
        -:   52:
        -:   53:  //set number of players
        8:   54:  state->numPlayers = numPlayers;
        -:   55:
        -:   56:  //check selected kingdom cards are different
       88:   57:  for (i = 0; i < 10; i++)
branch  0 taken 91%
branch  1 taken 9% (fallthrough)
        -:   58:    {
      880:   59:      for (j = 0; j < 10; j++)
branch  0 taken 91%
branch  1 taken 9% (fallthrough)
        -:   60:        {
      800:   61:	  if (j != i && kingdomCards[j] == kingdomCards[i])
branch  0 taken 90% (fallthrough)
branch  1 taken 10%
branch  2 taken 0% (fallthrough)
branch  3 taken 100%
        -:   62:	    {
    #####:   63:	      return -1;
        -:   64:	    }
        -:   65:        }
        -:   66:    }
        -:   67:
        -:   68:
        -:   69:  //initialize supply
        -:   70:  ///////////////////////////////
        -:   71:
        -:   72:  //set number of Curse cards
        8:   73:  if (numPlayers == 2)
branch  0 taken 100% (fallthrough)
branch  1 taken 0%
        -:   74:    {
        8:   75:      state->supplyCount[curse] = 10;
        -:   76:    }
    #####:   77:  else if (numPlayers == 3)
branch  0 never executed
branch  1 never executed
        -:   78:    {
    #####:   79:      state->supplyCount[curse] = 20;
        -:   80:    }
        -:   81:  else
        -:   82:    {
    #####:   83:      state->supplyCount[curse] = 30;
        -:   84:    }
        -:   85:
        -:   86:  //set number of Victory cards
        8:   87:  if (numPlayers == 2)
branch  0 taken 100% (fallthrough)
branch  1 taken 0%
        -:   88:    {
        8:   89:      state->supplyCount[estate] = 8;
        8:   90:      state->supplyCount[duchy] = 8;
        8:   91:      state->supplyCount[province] = 8;
        -:   92:    }
        -:   93:  else
        -:   94:    {
    #####:   95:      state->supplyCount[estate] = 12;
    #####:   96:      state->supplyCount[duchy] = 12;
    #####:   97:      state->supplyCount[province] = 12;
        -:   98:    }
        -:   99:
        -:  100:  //set number of Treasure cards
        8:  101:  state->supplyCount[copper] = 60 - (7 * numPlayers);
        8:  102:  state->supplyCount[silver] = 40;
        8:  103:  state->supplyCount[gold] = 30;
        -:  104:
        -:  105:  //set number of Kingdom cards
      168:  106:  for (i = adventurer; i <= treasure_map; i++)       	//loop all cards
branch  0 taken 95%
branch  1 taken 5% (fallthrough)
        -:  107:    {
     1320:  108:      for (j = 0; j < 10; j++)           		//loop chosen cards
branch  0 taken 94%
branch  1 taken 6% (fallthrough)
        -:  109:	{
     1240:  110:	  if (kingdomCards[j] == i)
branch  0 taken 6% (fallthrough)
branch  1 taken 94%
        -:  111:	    {
        -:  112:	      //check if card is a 'Victory' Kingdom card
       80:  113:	      if (kingdomCards[j] == great_hall || kingdomCards[j] == gardens)
branch  0 taken 100% (fallthrough)
branch  1 taken 0%
branch  2 taken 0% (fallthrough)
branch  3 taken 100%
        -:  114:		{
    #####:  115:		  if (numPlayers == 2){ 
branch  0 never executed
branch  1 never executed
    #####:  116:		    state->supplyCount[i] = 8; 
        -:  117:		  }
    #####:  118:		  else{ state->supplyCount[i] = 12; }
        -:  119:		}
        -:  120:	      else
        -:  121:		{
       80:  122:		  state->supplyCount[i] = 10;
        -:  123:		}
       80:  124:	      break;
        -:  125:	    }
        -:  126:	  else    //card is not in the set choosen for the game
        -:  127:	    {
     1160:  128:	      state->supplyCount[i] = -1;
        -:  129:	    }
        -:  130:	}
        -:  131:
        -:  132:    }
        -:  133:
        -:  134:  ////////////////////////
        -:  135:  //supply intilization complete
        -:  136:
        -:  137:  //set player decks
       24:  138:  for (i = 0; i < numPlayers; i++)
branch  0 taken 67%
branch  1 taken 33% (fallthrough)
        -:  139:    {
       16:  140:      state->deckCount[i] = 0;
       64:  141:      for (j = 0; j < 3; j++)
branch  0 taken 75%
branch  1 taken 25% (fallthrough)
        -:  142:	{
       48:  143:	  state->deck[i][j] = estate;
       48:  144:	  state->deckCount[i]++;
        -:  145:	}
      128:  146:      for (j = 3; j < 10; j++)
branch  0 taken 88%
branch  1 taken 13% (fallthrough)
        -:  147:	{
      112:  148:	  state->deck[i][j] = copper;
      112:  149:	  state->deckCount[i]++;		
        -:  150:	}
        -:  151:    }
        -:  152:
        -:  153:  //shuffle player decks
       24:  154:  for (i = 0; i < numPlayers; i++)
branch  0 taken 67%
branch  1 taken 33% (fallthrough)
        -:  155:    {
       16:  156:      if ( shuffle(i, state) < 0 )
call    0 returned 100%
branch  1 taken 0% (fallthrough)
branch  2 taken 100%
        -:  157:	{
    #####:  158:	  return -1;
        -:  159:	}
        -:  160:    }
        -:  161:
        -:  162:  //draw player hands
       24:  163:  for (i = 0; i < numPlayers; i++)
branch  0 taken 67%
branch  1 taken 33% (fallthrough)
        -:  164:    {  
        -:  165:      //initialize hand size to zero
       16:  166:      state->handCount[i] = 0;
       16:  167:      state->discardCount[i] = 0;
        -:  168:      //draw 5 cards
        -:  169:      // for (j = 0; j < 5; j++)
        -:  170:      //	{
        -:  171:      //	  drawCard(i, state);
        -:  172:      //	}
        -:  173:    }
        -:  174:  
        -:  175:  //set embargo tokens to 0 for all supply piles
      224:  176:  for (i = 0; i <= treasure_map; i++)
branch  0 taken 96%
branch  1 taken 4% (fallthrough)
        -:  177:    {
      216:  178:      state->embargoTokens[i] = 0;
        -:  179:    }
        -:  180:
        -:  181:  //initialize first player's turn
        8:  182:  state->outpostPlayed = 0;
        8:  183:  state->phase = 0;
        8:  184:  state->numActions = 1;
        8:  185:  state->numBuys = 1;
        8:  186:  state->playedCardCount = 0;
        8:  187:  state->whoseTurn = 0;
        8:  188:  state->handCount[state->whoseTurn] = 0;
        -:  189:  //int it; move to top
        -:  190:
        -:  191:  //Moved draw cards to here, only drawing at the start of a turn
       48:  192:  for (it = 0; it < 5; it++){
branch  0 taken 83%
branch  1 taken 17% (fallthrough)
       40:  193:    drawCard(state->whoseTurn, state);
call    0 returned 100%
        -:  194:  }
        -:  195:
        8:  196:  updateCoins(state->whoseTurn, state, 0);
call    0 returned 100%
        -:  197:
        8:  198:  return 0;
        -:  199:}
        -:  200:
function shuffle called 66 returned 100% blocks executed 93%
       66:  201:int shuffle(int player, struct gameState *state) {
        -:  202: 
        -:  203:
        -:  204:  int newDeck[MAX_DECK];
       66:  205:  int newDeckPos = 0;
        -:  206:  int card;
        -:  207:  int i;
        -:  208:
       66:  209:  if (state->deckCount[player] < 1)
branch  0 taken 0% (fallthrough)
branch  1 taken 100%
    #####:  210:    return -1;
       66:  211:  qsort ((void*)(state->deck[player]), state->deckCount[player], sizeof(int), compare); 
call    0 returned 100%
        -:  212:  /* SORT CARDS IN DECK TO ENSURE DETERMINISM! */
        -:  213:
      892:  214:  while (state->deckCount[player] > 0) {
branch  0 taken 92%
branch  1 taken 8% (fallthrough)
      760:  215:    card = floor(Random() * state->deckCount[player]);
call    0 returned 100%
      760:  216:    newDeck[newDeckPos] = state->deck[player][card];
      760:  217:    newDeckPos++;
     2848:  218:    for (i = card; i < state->deckCount[player]-1; i++) {
branch  0 taken 73%
branch  1 taken 27% (fallthrough)
     2088:  219:      state->deck[player][i] = state->deck[player][i+1];
        -:  220:    }
      760:  221:    state->deckCount[player]--;
        -:  222:  }
      826:  223:  for (i = 0; i < newDeckPos; i++) {
branch  0 taken 92%
branch  1 taken 8% (fallthrough)
      760:  224:    state->deck[player][i] = newDeck[i];
      760:  225:    state->deckCount[player]++;
        -:  226:  }
        -:  227:
       66:  228:  return 0;
        -:  229:}
        -:  230:
function playCard called 1 returned 100% blocks executed 71%
        1:  231:int playCard(int handPos, int choice1, int choice2, int choice3, struct gameState *state) 
        -:  232:{	
        -:  233:  int card;
        1:  234:  int coin_bonus = 0; 		//tracks coins gain from actions
        -:  235:
        -:  236:  //check if it is the right phase
        1:  237:  if (state->phase != 0)
branch  0 taken 0% (fallthrough)
branch  1 taken 100%
        -:  238:    {
    #####:  239:      return -1;
        -:  240:    }
        -:  241:	
        -:  242:  //check if player has enough actions
        1:  243:  if ( state->numActions < 1 )
branch  0 taken 0% (fallthrough)
branch  1 taken 100%
        -:  244:    {
    #####:  245:      return -1;
        -:  246:    }
        -:  247:	
        -:  248:  //get card played
        1:  249:  card = handCard(handPos, state);
call    0 returned 100%
        -:  250:	
        -:  251:  //check if selected card is an action
        1:  252:  if ( card < adventurer || card > treasure_map )
branch  0 taken 100% (fallthrough)
branch  1 taken 0%
branch  2 taken 0% (fallthrough)
branch  3 taken 100%
        -:  253:    {
    #####:  254:      return -1;
        -:  255:    }
        -:  256:	
        -:  257:  //play card
        1:  258:  if ( cardEffect(card, choice1, choice2, choice3, state, handPos, &coin_bonus) < 0 )
call    0 returned 100%
branch  1 taken 0% (fallthrough)
branch  2 taken 100%
        -:  259:    {
    #####:  260:      return -1;
        -:  261:    }
        -:  262:	
        -:  263:  //reduce number of actions
        1:  264:  state->numActions--;
        -:  265:
        -:  266:  //update coins (Treasure cards may be added with card draws)
        1:  267:  updateCoins(state->whoseTurn, state, coin_bonus);
call    0 returned 100%
        -:  268:	
        1:  269:  return 0;
        -:  270:}
        -:  271:
function buyCard called 48 returned 100% blocks executed 100%
       48:  272:int buyCard(int supplyPos, struct gameState *state) {
        -:  273:  int who;
       48:  274:  if (DEBUG){
        -:  275:    printf("Entering buyCard...\n");
        -:  276:  }
        -:  277:
        -:  278:  // I don't know what to do about the phase thing.
        -:  279:
       48:  280:  who = state->whoseTurn;
        -:  281:
       48:  282:  if (state->numBuys < 1){
branch  0 taken 50% (fallthrough)
branch  1 taken 50%
       24:  283:    if (DEBUG)
        -:  284:      printf("You do not have any buys left\n");
       24:  285:    return -1;
       24:  286:  } else if (supplyCount(supplyPos, state) <1){
call    0 returned 100%
branch  1 taken 50% (fallthrough)
branch  2 taken 50%
       12:  287:    if (DEBUG)
        -:  288:      printf("There are not any of that type of card left\n");
       12:  289:    return -1;
       12:  290:  } else if (state->coins < getCost(supplyPos)){
call    0 returned 100%
branch  1 taken 50% (fallthrough)
branch  2 taken 50%
        6:  291:    if (DEBUG) 
        -:  292:      printf("You do not have enough money to buy that. You have %d coins.\n", state->coins);
        6:  293:    return -1;
        -:  294:  } else {
        6:  295:    state->phase=1;
        -:  296:    //state->supplyCount[supplyPos]--;
        6:  297:    gainCard(supplyPos, state, 0, who); //card goes in discard, this might be wrong.. (2 means goes into hand, 0 goes into discard)
call    0 returned 100%
        -:  298:  
        6:  299:    state->coins = (state->coins) - (getCost(supplyPos));
call    0 returned 100%
        6:  300:    state->numBuys--;
        6:  301:    if (DEBUG)
        -:  302:      printf("You bought card number %d for %d coins. You now have %d buys and %d coins.\n", supplyPos, getCost(supplyPos), state->numBuys, state->coins);
        -:  303:  }
        -:  304:
        -:  305:  //state->discard[who][state->discardCount[who]] = supplyPos;
        -:  306:  //state->discardCount[who]++;
        -:  307:    
        6:  308:  return 0;
        -:  309:}
        -:  310:
function numHandCards called 0 returned 0% blocks executed 0%
    #####:  311:int numHandCards(struct gameState *state) {
    #####:  312:  return state->handCount[ whoseTurn(state) ];
call    0 never executed
        -:  313:}
        -:  314:
function handCard called 1 returned 100% blocks executed 100%
        1:  315:int handCard(int handPos, struct gameState *state) {
        1:  316:  int currentPlayer = whoseTurn(state);
call    0 returned 100%
        1:  317:  return state->hand[currentPlayer][handPos];
        -:  318:}
        -:  319:
function supplyCount called 31 returned 100% blocks executed 100%
       31:  320:int supplyCount(int card, struct gameState *state) {
       31:  321:  return state->supplyCount[card];
        -:  322:}
        -:  323:
function fullDeckCount called 62 returned 100% blocks executed 81%
       62:  324:int fullDeckCount(int player, int card, struct gameState *state) {
        -:  325:  int i;
       62:  326:  int count = 0;
        -:  327:
       62:  328:  for (i = 0; i < state->deckCount[player]; i++)
branch  0 taken 0%
branch  1 taken 100% (fallthrough)
        -:  329:    {
    #####:  330:      if (state->deck[player][i] == card) count++;
branch  0 never executed
branch  1 never executed
        -:  331:    }
        -:  332:
      200:  333:  for (i = 0; i < state->handCount[player]; i++)
branch  0 taken 69%
branch  1 taken 31% (fallthrough)
        -:  334:    {
      138:  335:      if (state->hand[player][i] == card) count++;
branch  0 taken 20% (fallthrough)
branch  1 taken 80%
        -:  336:    }
        -:  337:
      530:  338:  for (i = 0; i < state->discardCount[player]; i++)
branch  0 taken 88%
branch  1 taken 12% (fallthrough)
        -:  339:    {
      468:  340:      if (state->discard[player][i] == card) count++;
branch  0 taken 19% (fallthrough)
branch  1 taken 81%
        -:  341:    }
        -:  342:
       62:  343:  return count;
        -:  344:}
        -:  345:
function whoseTurn called 2 returned 100% blocks executed 100%
        2:  346:int whoseTurn(struct gameState *state) {
        2:  347:  return state->whoseTurn;
        -:  348:}
        -:  349:
function endTurn called 0 returned 0% blocks executed 0%
    #####:  350:int endTurn(struct gameState *state) {
        -:  351:  int k;
        -:  352:  int i;
    #####:  353:  int currentPlayer = whoseTurn(state);
call    0 never executed
        -:  354:  
        -:  355:  //Discard hand
    #####:  356:  for (i = 0; i < state->handCount[currentPlayer]; i++){
branch  0 never executed
branch  1 never executed
    #####:  357:    state->discard[currentPlayer][state->discardCount[currentPlayer]++] = state->hand[currentPlayer][i];//Discard
    #####:  358:    state->hand[currentPlayer][i] = -1;//Set card to -1
        -:  359:  }
    #####:  360:  state->handCount[currentPlayer] = 0;//Reset hand count
        -:  361:    
        -:  362:  //Code for determining the player
    #####:  363:  if (currentPlayer < (state->numPlayers - 1)){ 
branch  0 never executed
branch  1 never executed
    #####:  364:    state->whoseTurn = currentPlayer + 1;//Still safe to increment
        -:  365:  }
        -:  366:  else{
    #####:  367:    state->whoseTurn = 0;//Max player has been reached, loop back around to player 1
        -:  368:  }
        -:  369:
    #####:  370:  state->outpostPlayed = 0;
    #####:  371:  state->phase = 0;
    #####:  372:  state->numActions = 1;
    #####:  373:  state->coins = 0;
    #####:  374:  state->numBuys = 1;
    #####:  375:  state->playedCardCount = 0;
    #####:  376:  state->handCount[state->whoseTurn] = 0;
        -:  377:
        -:  378:  //int k; move to top
        -:  379:  //Next player draws hand
    #####:  380:  for (k = 0; k < 5; k++){
branch  0 never executed
branch  1 never executed
    #####:  381:    drawCard(state->whoseTurn, state);//Draw a card
call    0 never executed
        -:  382:  }
        -:  383:
        -:  384:  //Update money
    #####:  385:  updateCoins(state->whoseTurn, state , 0);
call    0 never executed
        -:  386:
    #####:  387:  return 0;
        -:  388:}
        -:  389:
function isGameOver called 0 returned 0% blocks executed 0%
    #####:  390:int isGameOver(struct gameState *state) {
        -:  391:  int i;
        -:  392:  int j;
        -:  393:	
        -:  394:  //if stack of Province cards is empty, the game ends
    #####:  395:  if (state->supplyCount[province] == 0)
branch  0 never executed
branch  1 never executed
        -:  396:    {
    #####:  397:      return 1;
        -:  398:    }
        -:  399:
        -:  400:  //if three supply pile are at 0, the game ends
    #####:  401:  j = 0;
    #####:  402:  for (i = 0; i < 25; i++)
branch  0 never executed
branch  1 never executed
        -:  403:    {
    #####:  404:      if (state->supplyCount[i] == 0)
branch  0 never executed
branch  1 never executed
        -:  405:	{
    #####:  406:	  j++;
        -:  407:	}
        -:  408:    }
    #####:  409:  if ( j >= 3)
branch  0 never executed
branch  1 never executed
        -:  410:    {
    #####:  411:      return 1;
        -:  412:    }
        -:  413:
    #####:  414:  return 0;
        -:  415:}
        -:  416:
function scoreFor called 72 returned 100% blocks executed 82%
       72:  417:int scoreFor (int player, struct gameState *state) {
        -:  418:
        -:  419:  int i;
       72:  420:  int score = 0;
        -:  421:  //score from hand
      216:  422:  for (i = 0; i < state->handCount[player]; i++)
branch  0 taken 67%
branch  1 taken 33% (fallthrough)
        -:  423:    {
      144:  424:      if (state->hand[player][i] == curse) { score = score - 1; };
branch  0 taken 19% (fallthrough)
branch  1 taken 81%
      144:  425:      if (state->hand[player][i] == estate) { score = score + 1; };
branch  0 taken 19% (fallthrough)
branch  1 taken 81%
      144:  426:      if (state->hand[player][i] == duchy) { score = score + 3; };
branch  0 taken 18% (fallthrough)
branch  1 taken 82%
      144:  427:      if (state->hand[player][i] == province) { score = score + 6; };
branch  0 taken 17% (fallthrough)
branch  1 taken 83%
      144:  428:      if (state->hand[player][i] == great_hall) { score = score + 1; };
branch  0 taken 0% (fallthrough)
branch  1 taken 100%
      144:  429:      if (state->hand[player][i] == gardens) { score = score + ( fullDeckCount(player, 0, state) / 10 ); };
branch  0 taken 16% (fallthrough)
branch  1 taken 84%
call    2 returned 100%
        -:  430:    }
        -:  431:
        -:  432:  //score from discard
      360:  433:  for (i = 0; i < state->discardCount[player]; i++)
branch  0 taken 80%
branch  1 taken 20% (fallthrough)
        -:  434:    {
      288:  435:      if (state->discard[player][i] == curse) { score = score - 1; };
branch  0 taken 17% (fallthrough)
branch  1 taken 83%
      288:  436:      if (state->discard[player][i] == estate) { score = score + 1; };
branch  0 taken 16% (fallthrough)
branch  1 taken 84%
      288:  437:      if (state->discard[player][i] == duchy) { score = score + 3; };
branch  0 taken 16% (fallthrough)
branch  1 taken 84%
      288:  438:      if (state->discard[player][i] == province) { score = score + 6; };
branch  0 taken 15% (fallthrough)
branch  1 taken 85%
      288:  439:      if (state->discard[player][i] == great_hall) { score = score + 1; };
branch  0 taken 0% (fallthrough)
branch  1 taken 100%
      288:  440:      if (state->discard[player][i] == gardens) { score = score + ( fullDeckCount(player, 0, state) / 10 ); };
branch  0 taken 14% (fallthrough)
branch  1 taken 86%
call    2 returned 100%
        -:  441:    }
        -:  442:
        -:  443:  //score from deck
      360:  444:  for (i = 0; i < state->discardCount[player]; i++)
branch  0 taken 80%
branch  1 taken 20% (fallthrough)
        -:  445:    {
      288:  446:      if (state->deck[player][i] == curse) { score = score - 1; };
branch  0 taken 0% (fallthrough)
branch  1 taken 100%
      288:  447:      if (state->deck[player][i] == estate) { score = score + 1; };
branch  0 taken 0% (fallthrough)
branch  1 taken 100%
      288:  448:      if (state->deck[player][i] == duchy) { score = score + 3; };
branch  0 taken 0% (fallthrough)
branch  1 taken 100%
      288:  449:      if (state->deck[player][i] == province) { score = score + 6; };
branch  0 taken 0% (fallthrough)
branch  1 taken 100%
      288:  450:      if (state->deck[player][i] == great_hall) { score = score + 1; };
branch  0 taken 0% (fallthrough)
branch  1 taken 100%
      288:  451:      if (state->deck[player][i] == gardens) { score = score + ( fullDeckCount(player, 0, state) / 10 ); };
branch  0 taken 0% (fallthrough)
branch  1 taken 100%
call    2 never executed
        -:  452:    }
        -:  453:
       72:  454:  return score;
        -:  455:}
        -:  456:
function getWinners called 0 returned 0% blocks executed 0%
    #####:  457:int getWinners(int players[MAX_PLAYERS], struct gameState *state) {
        -:  458:  int i;	
        -:  459:  int j;
        -:  460:  int highScore;
        -:  461:  int currentPlayer;
        -:  462:
        -:  463:  //get score for each player
    #####:  464:  for (i = 0; i < MAX_PLAYERS; i++)
branch  0 never executed
branch  1 never executed
        -:  465:    {
        -:  466:      //set unused player scores to -9999
    #####:  467:      if (i >= state->numPlayers)
branch  0 never executed
branch  1 never executed
        -:  468:	{
    #####:  469:	  players[i] = -9999;
        -:  470:	}
        -:  471:      else
        -:  472:	{
    #####:  473:	  players[i] = scoreFor (i, state);
call    0 never executed
        -:  474:	}
        -:  475:    }
        -:  476:
        -:  477:  //find highest score
    #####:  478:  j = 0;
    #####:  479:  for (i = 0; i < MAX_PLAYERS; i++)
branch  0 never executed
branch  1 never executed
        -:  480:    {
    #####:  481:      if (players[i] > players[j])
branch  0 never executed
branch  1 never executed
        -:  482:	{
    #####:  483:	  j = i;
        -:  484:	}
        -:  485:    }
    #####:  486:  highScore = players[j];
        -:  487:
        -:  488:  //add 1 to players who had less turns
    #####:  489:  currentPlayer = whoseTurn(state);
call    0 never executed
    #####:  490:  for (i = 0; i < MAX_PLAYERS; i++)
branch  0 never executed
branch  1 never executed
        -:  491:    {
    #####:  492:      if ( players[i] == highScore && i > currentPlayer )
branch  0 never executed
branch  1 never executed
branch  2 never executed
branch  3 never executed
        -:  493:	{
    #####:  494:	  players[i]++;
        -:  495:	}
        -:  496:    }
        -:  497:
        -:  498:  //find new highest score
    #####:  499:  j = 0;
    #####:  500:  for (i = 0; i < MAX_PLAYERS; i++)
branch  0 never executed
branch  1 never executed
        -:  501:    {
    #####:  502:      if ( players[i] > players[j] )
branch  0 never executed
branch  1 never executed
        -:  503:	{
    #####:  504:	  j = i;
        -:  505:	}
        -:  506:    }
    #####:  507:  highScore = players[j];
        -:  508:
        -:  509:  //set winners in array to 1 and rest to 0
    #####:  510:  for (i = 0; i < MAX_PLAYERS; i++)
branch  0 never executed
branch  1 never executed
        -:  511:    {
    #####:  512:      if ( players[i] == highScore )
branch  0 never executed
branch  1 never executed
        -:  513:	{
    #####:  514:	  players[i] = 1;
        -:  515:	}
        -:  516:      else
        -:  517:	{
    #####:  518:	  players[i] = 0;
        -:  519:	}
        -:  520:    }
        -:  521:
    #####:  522:  return 0;
        -:  523:}
        -:  524:
function drawCard called 48 returned 100% blocks executed 36%
       48:  525:int drawCard(int player, struct gameState *state)
        -:  526:{	int count;
        -:  527:  int deckCounter;
       48:  528:  if (state->deckCount[player] <= 0){//Deck is empty
branch  0 taken 0% (fallthrough)
branch  1 taken 100%
        -:  529:    
        -:  530:    //Step 1 Shuffle the discard pile back into a deck
        -:  531:    int i;
        -:  532:    //Move discard to deck
    #####:  533:    for (i = 0; i < state->discardCount[player];i++){
branch  0 never executed
branch  1 never executed
    #####:  534:      state->deck[player][i] = state->discard[player][i];
    #####:  535:      state->discard[player][i] = -1;
        -:  536:    }
        -:  537:
    #####:  538:    state->deckCount[player] = state->discardCount[player];
    #####:  539:    state->discardCount[player] = 0;//Reset discard
        -:  540:
        -:  541:    //Shufffle the deck
    #####:  542:    shuffle(player, state);//Shuffle the deck up and make it so that we can draw
call    0 never executed
        -:  543:   
    #####:  544:    if (DEBUG){//Debug statements
        -:  545:      printf("Deck count now: %d\n", state->deckCount[player]);
        -:  546:    }
        -:  547:    
    #####:  548:    state->discardCount[player] = 0;
        -:  549:
        -:  550:    //Step 2 Draw Card
    #####:  551:    count = state->handCount[player];//Get current player's hand count
        -:  552:    
    #####:  553:    if (DEBUG){//Debug statements
        -:  554:      printf("Current hand count: %d\n", count);
        -:  555:    }
        -:  556:    
    #####:  557:    deckCounter = state->deckCount[player];//Create a holder for the deck count
        -:  558:
    #####:  559:    if (deckCounter == 0)
branch  0 never executed
branch  1 never executed
    #####:  560:      return -1;
        -:  561:
    #####:  562:    state->hand[player][count] = state->deck[player][deckCounter - 1];//Add card to hand
    #####:  563:    state->deckCount[player]--;
    #####:  564:    state->handCount[player]++;//Increment hand count
        -:  565:  }
        -:  566:
        -:  567:  else{
       48:  568:    int count = state->handCount[player];//Get current hand count for player
        -:  569:    int deckCounter;
       48:  570:    if (DEBUG){//Debug statements
        -:  571:      printf("Current hand count: %d\n", count);
        -:  572:    }
        -:  573:
       48:  574:    deckCounter = state->deckCount[player];//Create holder for the deck count
       48:  575:    state->hand[player][count] = state->deck[player][deckCounter - 1];//Add card to the hand
       48:  576:    state->deckCount[player]--;
       48:  577:    state->handCount[player]++;//Increment hand count
        -:  578:  }
        -:  579:
       48:  580:  return 0;
        -:  581:}
        -:  582:
function getCost called 94 returned 100% blocks executed 23%
       94:  583:int getCost(int cardNumber)
        -:  584:{
       94:  585:  switch( cardNumber ) 
branch  0 taken 0%
branch  1 taken 0%
branch  2 taken 0%
branch  3 taken 0%
branch  4 taken 2%
branch  5 taken 2%
branch  6 taken 0%
branch  7 taken 27%
branch  8 taken 0%
branch  9 taken 0%
branch 10 taken 0%
branch 11 taken 32%
branch 12 taken 0%
branch 13 taken 0%
branch 14 taken 0%
branch 15 taken 37%
branch 16 taken 0%
branch 17 taken 0%
branch 18 taken 0%
branch 19 taken 0%
branch 20 taken 0%
branch 21 taken 0%
branch 22 taken 0%
branch 23 taken 0%
branch 24 taken 0%
branch 25 taken 0%
branch 26 taken 0%
branch 27 taken 0%
        -:  586:    {
        -:  587:    case curse:
    #####:  588:      return 0;
        -:  589:    case estate:
    #####:  590:      return 2;
        -:  591:    case duchy:
    #####:  592:      return 5;
        -:  593:    case province:
    #####:  594:      return 8;
        -:  595:    case copper:
        2:  596:      return 0;
        -:  597:    case silver:
        2:  598:      return 3;
        -:  599:    case gold:
    #####:  600:      return 6;
        -:  601:    case adventurer:
       25:  602:      return 6;
        -:  603:    case council_room:
    #####:  604:      return 5;
        -:  605:    case feast:
    #####:  606:      return 4;
        -:  607:    case gardens:
    #####:  608:      return 4;
        -:  609:    case mine:
       30:  610:      return 5;
        -:  611:    case remodel:
    #####:  612:      return 4;
        -:  613:    case smithy:
    #####:  614:      return 4;
        -:  615:    case village:
    #####:  616:      return 3;
        -:  617:    case baron:
       35:  618:      return 4;
        -:  619:    case great_hall:
    #####:  620:      return 3;
        -:  621:    case minion:
    #####:  622:      return 5;
        -:  623:    case steward:
    #####:  624:      return 3;
        -:  625:    case tribute:
    #####:  626:      return 5;
        -:  627:    case ambassador:
    #####:  628:      return 3;
        -:  629:    case cutpurse:
    #####:  630:      return 4;
        -:  631:    case embargo: 
    #####:  632:      return 2;
        -:  633:    case outpost:
    #####:  634:      return 5;
        -:  635:    case salvager:
    #####:  636:      return 4;
        -:  637:    case sea_hag:
    #####:  638:      return 4;
        -:  639:    case treasure_map:
    #####:  640:      return 4;
        -:  641:    }
        -:  642:	
    #####:  643:  return -1;
        -:  644:}
        -:  645:
function bug_smithycardplay called 1 returned 100% blocks executed 100%
        1:  646:void bug_smithycardplay(int i, int currentPlayer, int handPos, struct gameState* state) 
        -:  647:{
        5:  648:      for (i = 0; i <= 3; i++)
branch  0 taken 80%
branch  1 taken 20% (fallthrough)
        -:  649:	{
        4:  650:	  drawCard(currentPlayer, state);
call    0 returned 100%
        -:  651:	}
        -:  652:			
        -:  653:      //discard card from hand
        1:  654:      discardCard(handPos, currentPlayer, state, 0);
call    0 returned 100%
        1:  655:}
        -:  656:
function bug_adventurercardplay called 1 returned 100% blocks executed 64%
        1:  657:void bug_adventurercardplay(int drawntreasure, int currentPlayer, int cardDrawn,	int temphand[MAX_HAND], int z, struct gameState* state) 
        -:  658:{
        4:  659:	while(drawntreasure<2){
branch  0 taken 67%
branch  1 taken 33% (fallthrough)
        2:  660:	if (state->deckCount[currentPlayer] <1){//if the deck is empty we need to shuffle discard and add to deck
branch  0 taken 0% (fallthrough)
branch  1 taken 100%
    #####:  661:	  shuffle(currentPlayer, state);
call    0 never executed
        -:  662:	}
        2:  663:	drawCard(currentPlayer, state);
call    0 returned 100%
        2:  664:	cardDrawn = state->hand[currentPlayer][state->handCount[currentPlayer]-1];//top card of hand is most recently drawn card.
        4:  665:	if (cardDrawn == copper || cardDrawn == silver || cardDrawn == gold)
branch  0 taken 0% (fallthrough)
branch  1 taken 100%
branch  2 never executed
branch  3 never executed
branch  4 never executed
branch  5 never executed
        2:  666:	  drawntreasure++;
        -:  667:	else{
    #####:  668:	  temphand[z]=cardDrawn;
    #####:  669:	  state->handCount[currentPlayer]--; //this should just remove the top card (the most recently drawn one).
    #####:  670:	  z++;
        -:  671:	}
        -:  672:      }
        2:  673:      while(z-1>=0){
branch  0 taken 0%
branch  1 taken 100% (fallthrough)
    #####:  674:	state->discard[currentPlayer][state->discardCount[currentPlayer]++]=temphand[z-1]; // discard all cards in play that have been drawn
    #####:  675:	z-=z-1;
        -:  676:      }
        1:  677:}
        -:  678:
function bug_remodelCardPlay called 2 returned 100% blocks executed 93%
        2:  679:int bug_remodelCardPlay(int j, int currentPlayer, int handPos, struct gameState* 
        -:  680:		state, int choice1, int choice2)
        -:  681:{
        -:  682:	  int i;
        2:  683:      j = state->hand[currentPlayer][choice1];  //store card we will trash
        -:  684:
        2:  685:      if ( (getCost(state->hand[currentPlayer][choice1]) + 2) > getCost(choice2) )
call    0 returned 100%
call    1 returned 100%
branch  2 taken 50% (fallthrough)
branch  3 taken 50%
        -:  686:	{
        1:  687:	  return -1;
        -:  688:	}
        -:  689:
        1:  690:      gainCard(choice2, state, 0, currentPlayer);
call    0 returned 100%
        -:  691:
        -:  692:      //discard card from hand
        1:  693:      discardCard(handPos, currentPlayer, state, 0);
call    0 returned 100%
        -:  694:
        -:  695:      //discard trashed card
        1:  696:      for (i = 0; i < state->handCount[currentPlayer]; i++)
branch  0 taken 100%
branch  1 taken 0% (fallthrough)
        -:  697:	{
        1:  698:	  if (state->hand[currentPlayer][i] = j)
branch  0 taken 100% (fallthrough)
branch  1 taken 0%
        -:  699:	    {
        1:  700:	      discardCard(i, currentPlayer, state, 0);			
call    0 returned 100%
        1:  701:	      break;
        -:  702:	    }
        -:  703:	}
        1:  704:	return 0;
        -:  705:}
        -:  706:
function bug_greathallCardPlay called 1 returned 100% blocks executed 100%
        1:  707:void bug_greathallCardPlay(int currentPlayer, int handPos, struct gameState* state)
        -:  708:{
        -:  709:      //+1 Card
        1:  710:      drawCard(currentPlayer, state);
call    0 returned 100%
        -:  711:			
        -:  712:      //+1 Actions
        1:  713:      state->numActions++;
        -:  714:			
        -:  715:      //discard card from hand
        1:  716:      discardCard(handPos, currentPlayer, state, 1);
call    0 returned 100%
        1:  717:}
        -:  718:
function bug_minionCardPlay called 0 returned 0% blocks executed 0%
    #####:  719:void bug_minionCardPlay(int currentPlayer, int handPos, struct gameState* state, int choice1, int choice2)
        -:  720:{
        -:  721:	int i;
        -:  722:	int j;
        -:  723:      //+1 action
    #####:  724:      state->numActions++;
        -:  725:			
        -:  726:      //discard card from hand
    #####:  727:      discardCard(handPos, currentPlayer, state, 0);
call    0 never executed
        -:  728:			
    #####:  729:      if (choice1)		//+2 coins
branch  0 never executed
branch  1 never executed
        -:  730:	{
    #####:  731:	  state->coins = state->coins + 2;
        -:  732:	}
        -:  733:			
    #####:  734:      else if (choice2)		//discard hand, redraw 4, other players with 5+ cards discard hand and draw 4
branch  0 never executed
branch  1 never executed
        -:  735:	{
        -:  736:	  //discard hand
    #####:  737:	  while(numHandCards(state) > 0)
call    0 never executed
branch  1 never executed
branch  2 never executed
        -:  738:	    {
    #####:  739:	      discardCard(handPos, currentPlayer, state, 0);
call    0 never executed
        -:  740:	    }
        -:  741:				
        -:  742:	  //draw 4
    #####:  743:	  for (i = 0; i < 4; i++)
branch  0 never executed
branch  1 never executed
        -:  744:	    {
    #####:  745:	      drawCard(currentPlayer, state);
call    0 never executed
        -:  746:	    }
        -:  747:				
        -:  748:	  //other players discard hand and redraw if hand size > 4
    #####:  749:	  for (i = 0; i < state->numPlayers; i++)
branch  0 never executed
branch  1 never executed
        -:  750:	    {
    #####:  751:	      if (i == currentPlayer)
branch  0 never executed
branch  1 never executed
        -:  752:		{
    #####:  753:		  if ( state->handCount[i] > 4 )
branch  0 never executed
branch  1 never executed
        -:  754:		    {
        -:  755:		      //discard hand
    #####:  756:		      while( state->handCount[i] > 0 )
branch  0 never executed
branch  1 never executed
        -:  757:			{
    #####:  758:			  discardCard(handPos, i, state, 0);
call    0 never executed
        -:  759:			}
        -:  760:							
        -:  761:		      //draw 4
    #####:  762:		      for (j = 0; j < 4; j++)
branch  0 never executed
branch  1 never executed
        -:  763:			{
    #####:  764:			  drawCard(i, state);
call    0 never executed
        -:  765:			}
        -:  766:		    }
        -:  767:		}
        -:  768:	    }
        -:  769:				
        -:  770:	}
    #####:  771:}
        -:  772:
        -:  773:
function cardEffect called 1 returned 100% blocks executed 3%
        1:  774:int cardEffect(int card, int choice1, int choice2, int choice3, struct gameState *state, int handPos, int *bonus)
        -:  775:{
        -:  776:  int i;
        -:  777:  int j;
        -:  778:  int k;
        -:  779:  int x;
        -:  780:  int index;
        1:  781:  int currentPlayer = whoseTurn(state);
call    0 returned 100%
        1:  782:  int nextPlayer = currentPlayer + 1;
        -:  783:
        1:  784:  int tributeRevealedCards[2] = {-1, -1};
        -:  785:  int temphand[MAX_HAND];// moved above the if statement
        1:  786:  int drawntreasure=0;
        -:  787:  int cardDrawn;
        1:  788:  int z = 0;// this is the counter for the temp hand
        1:  789:  if (nextPlayer > (state->numPlayers - 1)){
branch  0 taken 0% (fallthrough)
branch  1 taken 100%
    #####:  790:    nextPlayer = 0;
        -:  791:  }
        -:  792:  
        -:  793:	
        -:  794:  //uses switch to select card and perform actions
        1:  795:  switch( card ) 
branch  0 taken 0%
branch  1 taken 0%
branch  2 taken 0%
branch  3 taken 0%
branch  4 taken 0%
branch  5 taken 0%
branch  6 taken 0%
branch  7 taken 100%
branch  8 taken 0%
branch  9 taken 0%
branch 10 taken 0%
branch 11 taken 0%
branch 12 taken 0%
branch 13 taken 0%
branch 14 taken 0%
branch 15 taken 0%
branch 16 taken 0%
branch 17 taken 0%
branch 18 taken 0%
branch 19 taken 0%
branch 20 taken 0%
        -:  796:    {
        -:  797:    case adventurer:
        -:  798:      
    #####:  799:	  bug_adventurercardplay(drawntreasure, currentPlayer, cardDrawn, temphand, z, state);
call    0 never executed
    #####:  800:      return 0;
        -:  801:			
        -:  802:    case council_room:
        -:  803:      //+4 Cards
    #####:  804:      for (i = 0; i < 4; i++)
branch  0 never executed
branch  1 never executed
        -:  805:	{
    #####:  806:	  drawCard(currentPlayer, state);
call    0 never executed
        -:  807:	}
        -:  808:			
        -:  809:      //+1 Buy
    #####:  810:      state->numBuys++;
        -:  811:			
        -:  812:      //Each other player draws a card
    #####:  813:      for (i = 0; i < state->numPlayers; i++)
branch  0 never executed
branch  1 never executed
        -:  814:	{
    #####:  815:	  if ( i != currentPlayer )
branch  0 never executed
branch  1 never executed
        -:  816:	    {
    #####:  817:	      drawCard(i, state);
call    0 never executed
        -:  818:	    }
        -:  819:	}
        -:  820:			
        -:  821:      //put played card in played card pile
    #####:  822:      discardCard(handPos, currentPlayer, state, 0);
call    0 never executed
        -:  823:			
    #####:  824:      return 0;
        -:  825:			
        -:  826:    case feast:
        -:  827:      //gain card with cost up to 5
        -:  828:      //Backup hand
    #####:  829:      for (i = 0; i <= state->handCount[currentPlayer]; i++){
branch  0 never executed
branch  1 never executed
    #####:  830:	temphand[i] = state->hand[currentPlayer][i];//Backup card
    #####:  831:	state->hand[currentPlayer][i] = -1;//Set to nothing
        -:  832:      }
        -:  833:      //Backup hand
        -:  834:
        -:  835:      //Update Coins for Buy
    #####:  836:      updateCoins(currentPlayer, state, 5);
call    0 never executed
    #####:  837:      x = 1;//Condition to loop on
    #####:  838:      while( x == 1) {//Buy one card
branch  0 never executed
branch  1 never executed
    #####:  839:	if (supplyCount(choice1, state) <= 0){
call    0 never executed
branch  1 never executed
branch  2 never executed
    #####:  840:	  if (DEBUG)
        -:  841:	    printf("None of that card left, sorry!\n");
        -:  842:
    #####:  843:	  if (DEBUG){
        -:  844:	    printf("Cards Left: %d\n", supplyCount(choice1, state));
        -:  845:	  }
        -:  846:	}
    #####:  847:	else if (state->coins < getCost(choice1)){
call    0 never executed
branch  1 never executed
branch  2 never executed
    #####:  848:	  printf("That card is too expensive!\n");
call    0 never executed
        -:  849:
    #####:  850:	  if (DEBUG){
        -:  851:	    printf("Coins: %d < %d\n", state->coins, getCost(choice1));
        -:  852:	  }
        -:  853:	}
        -:  854:	else{
        -:  855:
    #####:  856:	  if (DEBUG){
        -:  857:	    printf("Deck Count: %d\n", state->handCount[currentPlayer] + state->deckCount[currentPlayer] + state->discardCount[currentPlayer]);
        -:  858:	  }
        -:  859:
    #####:  860:	  gainCard(choice1, state, 0, currentPlayer);//Gain the card
call    0 never executed
    #####:  861:	  x = 0;//No more buying cards
        -:  862:
    #####:  863:	  if (DEBUG){
        -:  864:	    printf("Deck Count: %d\n", state->handCount[currentPlayer] + state->deckCount[currentPlayer] + state->discardCount[currentPlayer]);
        -:  865:	  }
        -:  866:
        -:  867:	}
        -:  868:      }     
        -:  869:
        -:  870:      //Reset Hand
    #####:  871:      for (i = 0; i <= state->handCount[currentPlayer]; i++){
branch  0 never executed
branch  1 never executed
    #####:  872:	state->hand[currentPlayer][i] = temphand[i];
    #####:  873:	temphand[i] = -1;
        -:  874:      }
        -:  875:      //Reset Hand
        -:  876:      			
    #####:  877:      return 0;
        -:  878:			
        -:  879:    case gardens:
    #####:  880:      return -1;
        -:  881:			
        -:  882:    case mine:
    #####:  883:      j = state->hand[currentPlayer][choice1];  //store card we will trash
        -:  884:
    #####:  885:      if (state->hand[currentPlayer][choice1] < copper || state->hand[currentPlayer][choice1] > gold)
branch  0 never executed
branch  1 never executed
branch  2 never executed
branch  3 never executed
        -:  886:	{
    #####:  887:	  return -1;
        -:  888:	}
        -:  889:		
    #####:  890:      if (choice2 > treasure_map || choice2 < curse)
branch  0 never executed
branch  1 never executed
branch  2 never executed
branch  3 never executed
        -:  891:	{
    #####:  892:	  return -1;
        -:  893:	}
        -:  894:
    #####:  895:      if ( (getCost(state->hand[currentPlayer][choice1]) + 3) > getCost(choice2) )
call    0 never executed
call    1 never executed
branch  2 never executed
branch  3 never executed
        -:  896:	{
    #####:  897:	  return -1;
        -:  898:	}
        -:  899:
    #####:  900:      gainCard(choice2, state, 2, currentPlayer);
call    0 never executed
        -:  901:
        -:  902:      //discard card from hand
    #####:  903:      discardCard(handPos, currentPlayer, state, 0);
call    0 never executed
        -:  904:
        -:  905:      //discard trashed card
    #####:  906:      for (i = 0; i < state->handCount[currentPlayer]; i++)
branch  0 never executed
branch  1 never executed
        -:  907:	{
    #####:  908:	  if (state->hand[currentPlayer][i] == j)
branch  0 never executed
branch  1 never executed
        -:  909:	    {
    #####:  910:	      discardCard(i, currentPlayer, state, 0);			
call    0 never executed
    #####:  911:	      break;
        -:  912:	    }
        -:  913:	}
        -:  914:			
    #####:  915:      return 0;
        -:  916:			
        -:  917:    case remodel:
    #####:  918:	  if (bug_remodelCardPlay(j, currentPlayer, handPos, state, choice1, choice2) == -1)
call    0 never executed
branch  1 never executed
branch  2 never executed
    #####:  919:	    return -1;
    #####:  920:      return 0;
        -:  921:		
        -:  922:    case smithy:
        -:  923:      
    #####:  924:	  bug_smithycardplay(i, currentPlayer, handPos, state);
call    0 never executed
    #####:  925:      return 0;
        -:  926:		
        -:  927:    case village:
        -:  928:      //+1 Card
        1:  929:      drawCard(currentPlayer, state);
call    0 returned 100%
        -:  930:			
        -:  931:      //+2 Actions
        1:  932:      state->numActions = state->numActions + 2;
        -:  933:			
        -:  934:      //discard played card from hand
        1:  935:      discardCard(handPos, currentPlayer, state, 0);
call    0 returned 100%
        1:  936:      return 0;
        -:  937:		
        -:  938:    case baron:
    #####:  939:      state->numBuys++;//Increase buys by 1!
    #####:  940:      if (choice1 > 0){//Boolean true or going to discard an estate
branch  0 never executed
branch  1 never executed
    #####:  941:	int p = 0;//Iterator for hand!
    #####:  942:	int card_not_discarded = 1;//Flag for discard set!
    #####:  943:	while(card_not_discarded){
branch  0 never executed
branch  1 never executed
    #####:  944:	  if (state->hand[currentPlayer][p] == estate){//Found an estate card!
branch  0 never executed
branch  1 never executed
    #####:  945:	    state->coins += 4;//Add 4 coins to the amount of coins
    #####:  946:	    state->discard[currentPlayer][state->discardCount[currentPlayer]] = state->hand[currentPlayer][p];
    #####:  947:	    state->discardCount[currentPlayer]++;
    #####:  948:	    for (;p < state->handCount[currentPlayer]; p++){
branch  0 never executed
branch  1 never executed
    #####:  949:	      state->hand[currentPlayer][p] = state->hand[currentPlayer][p+1];
        -:  950:	    }
    #####:  951:	    state->hand[currentPlayer][state->handCount[currentPlayer]] = -1;
    #####:  952:	    state->handCount[currentPlayer]--;
    #####:  953:	    card_not_discarded = 0;//Exit the loop
        -:  954:	  }
    #####:  955:	  else if (p > state->handCount[currentPlayer]){
branch  0 never executed
branch  1 never executed
    #####:  956:	    if(DEBUG) {
        -:  957:	      printf("No estate cards in your hand, invalid choice\n");
        -:  958:	      printf("Must gain an estate if there are any\n");
        -:  959:	    }
    #####:  960:	    if (supplyCount(estate, state) > 0){
call    0 never executed
branch  1 never executed
branch  2 never executed
    #####:  961:	      gainCard(estate, state, 0, currentPlayer);
call    0 never executed
    #####:  962:	      state->supplyCount[estate]--;//Decrement estates
    #####:  963:	      if (supplyCount(estate, state) == 0){
call    0 never executed
branch  1 never executed
branch  2 never executed
    #####:  964:		isGameOver(state);
call    0 never executed
        -:  965:	      }
        -:  966:	    }
    #####:  967:	    card_not_discarded = 0;//Exit the loop
        -:  968:	  }
        -:  969:			    
        -:  970:	  else{
    #####:  971:	    p++;//Next card
        -:  972:	  }
        -:  973:	}
        -:  974:      }
        -:  975:			    
        -:  976:      else{
    #####:  977:	if (supplyCount(estate, state) > 0){
call    0 never executed
branch  1 never executed
branch  2 never executed
    #####:  978:	  gainCard(estate, state, 0, currentPlayer);//Gain an estate
call    0 never executed
    #####:  979:	  state->supplyCount[estate]--;//Decrement Estates
    #####:  980:	  if (supplyCount(estate, state) == 0){
call    0 never executed
branch  1 never executed
branch  2 never executed
    #####:  981:	    isGameOver(state);
call    0 never executed
        -:  982:	  }
        -:  983:	}
        -:  984:      }
        -:  985:	    
        -:  986:      
    #####:  987:      return 0;
        -:  988:		
        -:  989:    case great_hall:
    #####:  990:	  bug_greathallCardPlay(currentPlayer, handPos, state);
call    0 never executed
    #####:  991:      return 0;
        -:  992:		
        -:  993:    case minion:
    #####:  994:	  bug_minionCardPlay(currentPlayer, handPos, state, choice1, choice2);
call    0 never executed
    #####:  995:      return 0;
        -:  996:		
        -:  997:    case steward:
    #####:  998:      if (choice1 == 1)
branch  0 never executed
branch  1 never executed
        -:  999:	{
        -: 1000:	  //+2 cards
    #####: 1001:	  drawCard(currentPlayer, state);
call    0 never executed
    #####: 1002:	  drawCard(currentPlayer, state);
call    0 never executed
        -: 1003:	}
    #####: 1004:      else if (choice1 == 2)
branch  0 never executed
branch  1 never executed
        -: 1005:	{
        -: 1006:	  //+2 coins
    #####: 1007:	  state->coins = state->coins + 2;
        -: 1008:	}
        -: 1009:      else
        -: 1010:	{
        -: 1011:	  //trash 2 cards in hand
    #####: 1012:	  discardCard(choice2, currentPlayer, state, 1);
call    0 never executed
    #####: 1013:	  discardCard(choice3, currentPlayer, state, 1);
call    0 never executed
        -: 1014:	}
        -: 1015:			
        -: 1016:      //discard card from hand
    #####: 1017:      discardCard(handPos, currentPlayer, state, 0);
call    0 never executed
    #####: 1018:      return 0;
        -: 1019:		
        -: 1020:    case tribute:
    #####: 1021:      if ((state->discardCount[nextPlayer] + state->deckCount[nextPlayer]) <= 1){
branch  0 never executed
branch  1 never executed
    #####: 1022:	if (state->deckCount[nextPlayer] > 0){
branch  0 never executed
branch  1 never executed
    #####: 1023:	  tributeRevealedCards[0] = state->deck[nextPlayer][state->deckCount[nextPlayer]-1];
    #####: 1024:	  state->deckCount[nextPlayer]--;
        -: 1025:	}
    #####: 1026:	else if (state->discardCount[nextPlayer] > 0){
branch  0 never executed
branch  1 never executed
    #####: 1027:	  tributeRevealedCards[0] = state->discard[nextPlayer][state->discardCount[nextPlayer]-1];
    #####: 1028:	  state->discardCount[nextPlayer]--;
        -: 1029:	}
        -: 1030:	else{
        -: 1031:	  //No Card to Reveal
    #####: 1032:	  if (DEBUG){
        -: 1033:	    printf("No cards to reveal\n");
        -: 1034:	  }
        -: 1035:	}
        -: 1036:      }
        -: 1037:	    
        -: 1038:      else{
    #####: 1039:	if (state->deckCount[nextPlayer] == 0){
branch  0 never executed
branch  1 never executed
    #####: 1040:	  for (i = 0; i < state->discardCount[nextPlayer]; i++){
branch  0 never executed
branch  1 never executed
    #####: 1041:	    state->deck[nextPlayer][i] = state->discard[nextPlayer][i];//Move to deck
    #####: 1042:	    state->deckCount[nextPlayer]++;
    #####: 1043:	    state->discard[nextPlayer][i] = -1;
    #####: 1044:	    state->discardCount[nextPlayer]--;
        -: 1045:	  }
        -: 1046:			    
    #####: 1047:	  shuffle(nextPlayer,state);//Shuffle the deck
call    0 never executed
        -: 1048:	} 
    #####: 1049:	tributeRevealedCards[0] = state->deck[nextPlayer][state->deckCount[nextPlayer]-1];
    #####: 1050:	state->deck[nextPlayer][state->deckCount[nextPlayer]--] = -1;
    #####: 1051:	state->deckCount[nextPlayer]--;
    #####: 1052:	tributeRevealedCards[1] = state->deck[nextPlayer][state->deckCount[nextPlayer]-1];
    #####: 1053:	state->deck[nextPlayer][state->deckCount[nextPlayer]--] = -1;
    #####: 1054:	state->deckCount[nextPlayer]--;
        -: 1055:      }    
        -: 1056:		       
    #####: 1057:      if (tributeRevealedCards[0] == tributeRevealedCards[1]){//If we have a duplicate card, just drop one 
branch  0 never executed
branch  1 never executed
    #####: 1058:	state->playedCards[state->playedCardCount] = tributeRevealedCards[1];
    #####: 1059:	state->playedCardCount++;
    #####: 1060:	tributeRevealedCards[1] = -1;
        -: 1061:      }
        -: 1062:
    #####: 1063:      for (i = 0; i <= 2; i ++){
branch  0 never executed
branch  1 never executed
    #####: 1064:	if (tributeRevealedCards[i] == copper || tributeRevealedCards[i] == silver || tributeRevealedCards[i] == gold){//Treasure cards
branch  0 never executed
branch  1 never executed
branch  2 never executed
branch  3 never executed
branch  4 never executed
branch  5 never executed
    #####: 1065:	  state->coins += 2;
        -: 1066:	}
        -: 1067:		    
    #####: 1068:	else if (tributeRevealedCards[i] == estate || tributeRevealedCards[i] == duchy || tributeRevealedCards[i] == province || tributeRevealedCards[i] == gardens || tributeRevealedCards[i] == great_hall){//Victory Card Found
branch  0 never executed
branch  1 never executed
branch  2 never executed
branch  3 never executed
branch  4 never executed
branch  5 never executed
branch  6 never executed
branch  7 never executed
branch  8 never executed
branch  9 never executed
    #####: 1069:	  drawCard(currentPlayer, state);
call    0 never executed
    #####: 1070:	  drawCard(currentPlayer, state);
call    0 never executed
        -: 1071:	}
        -: 1072:	else{//Action Card
    #####: 1073:	  state->numActions = state->numActions + 2;
        -: 1074:	}
        -: 1075:      }
        -: 1076:	    
    #####: 1077:      return 0;
        -: 1078:		
        -: 1079:    case ambassador:
    #####: 1080:      j = 0;		//used to check if player has enough cards to discard
        -: 1081:
    #####: 1082:      if (choice2 > 2 || choice2 < 0)
branch  0 never executed
branch  1 never executed
branch  2 never executed
branch  3 never executed
        -: 1083:	{
    #####: 1084:	  return -1;				
        -: 1085:	}
        -: 1086:
    #####: 1087:      if (choice1 == handPos)
branch  0 never executed
branch  1 never executed
        -: 1088:	{
    #####: 1089:	  return -1;
        -: 1090:	}
        -: 1091:
    #####: 1092:      for (i = 0; i < state->handCount[currentPlayer]; i++)
branch  0 never executed
branch  1 never executed
        -: 1093:	{
    #####: 1094:	  if (i != handPos && i == state->hand[currentPlayer][choice1] && i != choice1)
branch  0 never executed
branch  1 never executed
branch  2 never executed
branch  3 never executed
branch  4 never executed
branch  5 never executed
        -: 1095:	    {
    #####: 1096:	      j++;
        -: 1097:	    }
        -: 1098:	}
    #####: 1099:      if (j < choice2)
branch  0 never executed
branch  1 never executed
        -: 1100:	{
    #####: 1101:	  return -1;				
        -: 1102:	}
        -: 1103:
    #####: 1104:      if (DEBUG) 
        -: 1105:	printf("Player %d reveals card number: %d\n", currentPlayer, state->hand[currentPlayer][choice1]);
        -: 1106:
        -: 1107:      //increase supply count for choosen card by amount being discarded
    #####: 1108:      state->supplyCount[state->hand[currentPlayer][choice1]] += choice2;
        -: 1109:			
        -: 1110:      //each other player gains a copy of revealed card
    #####: 1111:      for (i = 0; i < state->numPlayers; i++)
branch  0 never executed
branch  1 never executed
        -: 1112:	{
    #####: 1113:	  if (i != currentPlayer)
branch  0 never executed
branch  1 never executed
        -: 1114:	    {
    #####: 1115:	      gainCard(state->hand[currentPlayer][choice1], state, 0, i);
call    0 never executed
        -: 1116:	    }
        -: 1117:	}
        -: 1118:
        -: 1119:      //discard played card from hand
    #####: 1120:      discardCard(handPos, currentPlayer, state, 0);			
call    0 never executed
        -: 1121:
        -: 1122:      //trash copies of cards returned to supply
    #####: 1123:      for (j = 0; j < choice2; j++)
branch  0 never executed
branch  1 never executed
        -: 1124:	{
    #####: 1125:	  for (i = 0; i < state->handCount[currentPlayer]; i++)
branch  0 never executed
branch  1 never executed
        -: 1126:	    {
    #####: 1127:	      if (state->hand[currentPlayer][i] == state->hand[currentPlayer][choice1])
branch  0 never executed
branch  1 never executed
        -: 1128:		{
    #####: 1129:		  discardCard(i, currentPlayer, state, 1);
call    0 never executed
    #####: 1130:		  break;
        -: 1131:		}
        -: 1132:	    }
        -: 1133:	}			
        -: 1134:
    #####: 1135:      return 0;
        -: 1136:		
        -: 1137:    case cutpurse:
        -: 1138:
    #####: 1139:      updateCoins(currentPlayer, state, 2);
call    0 never executed
    #####: 1140:      for (i = 0; i < state->numPlayers; i++)
branch  0 never executed
branch  1 never executed
        -: 1141:	{
    #####: 1142:	  if (i != currentPlayer)
branch  0 never executed
branch  1 never executed
        -: 1143:	    {
    #####: 1144:	      for (j = 0; j < state->handCount[i]; j++)
branch  0 never executed
branch  1 never executed
        -: 1145:		{
    #####: 1146:		  if (state->hand[i][j] == copper)
branch  0 never executed
branch  1 never executed
        -: 1147:		    {
    #####: 1148:		      discardCard(j, i, state, 0);
call    0 never executed
    #####: 1149:		      break;
        -: 1150:		    }
    #####: 1151:		  if (j == state->handCount[i])
branch  0 never executed
branch  1 never executed
        -: 1152:		    {
    #####: 1153:		      for (k = 0; k < state->handCount[i]; k++)
branch  0 never executed
branch  1 never executed
        -: 1154:			{
    #####: 1155:			  if (DEBUG)
        -: 1156:			    printf("Player %d reveals card number %d\n", i, state->hand[i][k]);
        -: 1157:			}	
    #####: 1158:		      break;
        -: 1159:		    }		
        -: 1160:		}
        -: 1161:					
        -: 1162:	    }
        -: 1163:				
        -: 1164:	}				
        -: 1165:
        -: 1166:      //discard played card from hand
    #####: 1167:      discardCard(handPos, currentPlayer, state, 0);			
call    0 never executed
        -: 1168:
    #####: 1169:      return 0;
        -: 1170:
        -: 1171:		
        -: 1172:    case embargo: 
        -: 1173:      //+2 Coins
    #####: 1174:      state->coins = state->coins + 2;
        -: 1175:			
        -: 1176:      //see if selected pile is in play
    #####: 1177:      if ( state->supplyCount[choice1] == -1 )
branch  0 never executed
branch  1 never executed
        -: 1178:	{
    #####: 1179:	  return -1;
        -: 1180:	}
        -: 1181:			
        -: 1182:      //add embargo token to selected supply pile
    #####: 1183:      state->embargoTokens[choice1]++;
        -: 1184:			
        -: 1185:      //trash card
    #####: 1186:      discardCard(handPos, currentPlayer, state, 1);		
call    0 never executed
    #####: 1187:      return 0;
        -: 1188:		
        -: 1189:    case outpost:
        -: 1190:      //set outpost flag
    #####: 1191:      state->outpostPlayed++;
        -: 1192:			
        -: 1193:      //discard card
    #####: 1194:      discardCard(handPos, currentPlayer, state, 0);
call    0 never executed
    #####: 1195:      return 0;
        -: 1196:		
        -: 1197:    case salvager:
        -: 1198:      //+1 buy
    #####: 1199:      state->numBuys++;
        -: 1200:			
    #####: 1201:      if (choice1)
branch  0 never executed
branch  1 never executed
        -: 1202:	{
        -: 1203:	  //gain coins equal to trashed card
    #####: 1204:	  state->coins = state->coins + getCost( handCard(choice1, state) );
call    0 never executed
call    1 never executed
        -: 1205:	  //trash card
    #####: 1206:	  discardCard(choice1, currentPlayer, state, 1);	
call    0 never executed
        -: 1207:	}
        -: 1208:			
        -: 1209:      //discard card
    #####: 1210:      discardCard(handPos, currentPlayer, state, 0);
call    0 never executed
    #####: 1211:      return 0;
        -: 1212:		
        -: 1213:    case sea_hag:
    #####: 1214:      for (i = 0; i < state->numPlayers; i++){
branch  0 never executed
branch  1 never executed
    #####: 1215:	if (i != currentPlayer){
branch  0 never executed
branch  1 never executed
    #####: 1216:	  state->discard[i][state->discardCount[i]] = state->deck[i][state->deckCount[i]--];			    state->deckCount[i]--;
    #####: 1217:	  state->discardCount[i]++;
    #####: 1218:	  state->deck[i][state->deckCount[i]--] = curse;//Top card now a curse
        -: 1219:	}
        -: 1220:      }
    #####: 1221:      return 0;
        -: 1222:		
        -: 1223:    case treasure_map:
        -: 1224:      //search hand for another treasure_map
    #####: 1225:      index = -1;
    #####: 1226:      for (i = 0; i < state->handCount[currentPlayer]; i++)
branch  0 never executed
branch  1 never executed
        -: 1227:	{
    #####: 1228:	  if (state->hand[currentPlayer][i] == treasure_map && i != handPos)
branch  0 never executed
branch  1 never executed
branch  2 never executed
branch  3 never executed
        -: 1229:	    {
    #####: 1230:	      index = i;
    #####: 1231:	      break;
        -: 1232:	    }
        -: 1233:	}
    #####: 1234:      if (index > -1)
branch  0 never executed
branch  1 never executed
        -: 1235:	{
        -: 1236:	  //trash both treasure cards
    #####: 1237:	  discardCard(handPos, currentPlayer, state, 1);
call    0 never executed
    #####: 1238:	  discardCard(index, currentPlayer, state, 1);
call    0 never executed
        -: 1239:
        -: 1240:	  //gain 4 Gold cards
    #####: 1241:	  for (i = 0; i < 4; i++)
branch  0 never executed
branch  1 never executed
        -: 1242:	    {
    #####: 1243:	      gainCard(gold, state, 1, currentPlayer);
call    0 never executed
        -: 1244:	    }
        -: 1245:				
        -: 1246:	  //return success
    #####: 1247:	  return 1;
        -: 1248:	}
        -: 1249:			
        -: 1250:      //no second treasure_map found in hand
    #####: 1251:      return -1;
        -: 1252:    }
        -: 1253:	
    #####: 1254:  return -1;
        -: 1255:}
        -: 1256:
function discardCard called 5 returned 100% blocks executed 75%
        5: 1257:int discardCard(int handPos, int currentPlayer, struct gameState *state, int trashFlag)
        -: 1258:{
        -: 1259:	
        -: 1260:  //if card is not trashed, added to Played pile 
        5: 1261:  if (trashFlag < 1)
branch  0 taken 80% (fallthrough)
branch  1 taken 20%
        -: 1262:    {
        -: 1263:      //add card to played pile
        4: 1264:      state->playedCards[state->playedCardCount] = state->hand[currentPlayer][handPos]; 
        4: 1265:      state->playedCardCount++;
        -: 1266:    }
        -: 1267:	
        -: 1268:  //set played card to -1
        5: 1269:  state->hand[currentPlayer][handPos] = -1;
        -: 1270:	
        -: 1271:  //remove card from player's hand
        5: 1272:  if ( handPos == (state->handCount[currentPlayer] - 1) ) 	//last card in hand array is played
branch  0 taken 0% (fallthrough)
branch  1 taken 100%
        -: 1273:    {
        -: 1274:      //reduce number of cards in hand
    #####: 1275:      state->handCount[currentPlayer]--;
        -: 1276:    }
        5: 1277:  else if ( state->handCount[currentPlayer] == 1 ) //only one card in hand
branch  0 taken 0% (fallthrough)
branch  1 taken 100%
        -: 1278:    {
        -: 1279:      //reduce number of cards in hand
    #####: 1280:      state->handCount[currentPlayer]--;
        -: 1281:    }
        -: 1282:  else 	
        -: 1283:    {
        -: 1284:      //replace discarded card with last card in hand
        5: 1285:      state->hand[currentPlayer][handPos] = state->hand[currentPlayer][ (state->handCount[currentPlayer] - 1)];
        -: 1286:      //set last card to -1
        5: 1287:      state->hand[currentPlayer][state->handCount[currentPlayer] - 1] = -1;
        -: 1288:      //reduce number of cards in hand
        5: 1289:      state->handCount[currentPlayer]--;
        -: 1290:    }
        -: 1291:	
        5: 1292:  return 0;
        -: 1293:}
        -: 1294:
function gainCard called 7 returned 100% blocks executed 70%
        7: 1295:int gainCard(int supplyPos, struct gameState *state, int toFlag, int player)
        -: 1296:{
        -: 1297:  //Note: supplyPos is enum of choosen card
        -: 1298:	
        -: 1299:  //check if supply pile is empty (0) or card is not used in game (-1)
        7: 1300:  if ( supplyCount(supplyPos, state) < 1 )
call    0 returned 100%
branch  1 taken 0% (fallthrough)
branch  2 taken 100%
        -: 1301:    {
    #####: 1302:      return -1;
        -: 1303:    }
        -: 1304:	
        -: 1305:  //added card for [whoseTurn] current player:
        -: 1306:  // toFlag = 0 : add to discard
        -: 1307:  // toFlag = 1 : add to deck
        -: 1308:  // toFlag = 2 : add to hand
        -: 1309:
        7: 1310:  if (toFlag == 1)
branch  0 taken 0% (fallthrough)
branch  1 taken 100%
        -: 1311:    {
    #####: 1312:      state->deck[ player ][ state->deckCount[player] ] = supplyPos;
    #####: 1313:      state->deckCount[player]++;
        -: 1314:    }
        7: 1315:  else if (toFlag == 2)
branch  0 taken 0% (fallthrough)
branch  1 taken 100%
        -: 1316:    {
    #####: 1317:      state->hand[ player ][ state->handCount[player] ] = supplyPos;
    #####: 1318:      state->handCount[player]++;
        -: 1319:    }
        -: 1320:  else
        -: 1321:    {
        7: 1322:      state->discard[player][ state->discardCount[player] ] = supplyPos;
        7: 1323:      state->discardCount[player]++;
        -: 1324:    }
        -: 1325:	
        -: 1326:  //decrease number in supply pile
        7: 1327:  state->supplyCount[supplyPos]--;
        -: 1328:	 
        7: 1329:  return 0;
        -: 1330:}
        -: 1331:
function updateCoins called 65 returned 100% blocks executed 100%
       65: 1332:int updateCoins(int player, struct gameState *state, int bonus)
        -: 1333:{
        -: 1334:  int i;
        -: 1335:	
        -: 1336:  //reset coin count
       65: 1337:  state->coins = 0;
        -: 1338:
        -: 1339:  //add coins for each Treasure card in player's hand
      554: 1340:  for (i = 0; i < state->handCount[player]; i++)
branch  0 taken 88%
branch  1 taken 12% (fallthrough)
        -: 1341:    {
      489: 1342:      if (state->hand[player][i] == copper)
branch  0 taken 21% (fallthrough)
branch  1 taken 79%
        -: 1343:	{
      102: 1344:	  state->coins += 1;
        -: 1345:	}
      387: 1346:      else if (state->hand[player][i] == silver)
branch  0 taken 14% (fallthrough)
branch  1 taken 86%
        -: 1347:	{
       54: 1348:	  state->coins += 2;
        -: 1349:	}
      333: 1350:      else if (state->hand[player][i] == gold)
branch  0 taken 8% (fallthrough)
branch  1 taken 92%
        -: 1351:	{
       27: 1352:	  state->coins += 3;
        -: 1353:	}	
        -: 1354:    }	
        -: 1355:
        -: 1356:  //add bonus
       65: 1357:  state->coins += bonus;
        -: 1358:
       65: 1359:  return 0;
        -: 1360:}
        -: 1361:
        -: 1362:
        -: 1363://end of dominion.c
        -: 1364:
