        -:    0:Source:unittest1.c
        -:    0:Graph:unittest1.gcno
        -:    0:Data:unittest1.gcda
        -:    0:Runs:2
        -:    0:Programs:1
        -:    1:/*****************************
        -:    2: * Unit Test for getCost()
        -:    3: ****************************/
        -:    4:
        -:    5://There's no try/catch in C, so
        -:    6://I'm assuming input is integer
        -:    7:
        -:    8:#include "dominion.h"
        -:    9:#include "dominion_helpers.h"
        -:   10:#include <string.h>
        -:   11:#include <stdio.h>
        -:   12:#include <assert.h>
        -:   13:#include "rngs.h"
        -:   14:
        2:   15:int main(){
        -:   16:	int i;
        2:   17:	int seed = 100;
        -:   18:	int p;
        -:   19:	struct gameState G;
        -:   20:	
        2:   21:	printf("Testing getCost...\n");
        -:   22:
        -:   23:	//test all values in cards enum against -1
       56:   24:	for( i = 0; i <= 26; i++){
       54:   25:		p = getCost(i);
       54:   26:		assert (p != -1);
        -:   27:	}
        2:   28:	printf("Passed test 1\n");
        -:   29:
        -:   30:	//Test out of bounds value
        2:   31:	i = 27;
        2:   32:	p = getCost(i);
        2:   33:	assert (p == -1);
        2:   34:	printf("Passed test 2\n");
        -:   35:
        2:   36:	i = -1;
        2:   37:	p = getCost(i);
        2:   38:	assert (p == -1);
        2:   39:	printf("Passed test 3\n");
        -:   40:
        2:   41:	return 0;
        -:   42:}
