        -:    0:Source:testme.c
        -:    0:Graph:testme.gcno
        -:    0:Data:testme.gcda
        -:    0:Runs:2
        -:    0:Programs:1
        -:    1:#include<stdio.h>
        -:    2:#include<string.h>
        -:    3:#include<stdlib.h>
        -:    4:#include<time.h>
        -:    5:
    31035:    6:char inputChar()
        -:    7:{
    31035:    8:    char array[] = {'[','(','{',' ','a','x','}',')',']'};
    31035:    9:    char spot = (rand() % 9);
    31035:   10:    return array[spot];
        -:   11:}
        -:   12:
    31035:   13:char *inputString()
        -:   14:{
    31035:   15:	int i = 0;
    31035:   16:	char array[] = {'r', 'e', 's', 't', '\0'};
    31035:   17:	char *aString = malloc(sizeof(char)*6);
        -:   18:
   217245:   19:	    for(i = 0; i < 6; i++) {
   186210:   20:	      int choice = (rand() % 5);
   186210:   21:	      aString[i] = array[choice];
        -:   22:	    }
    31035:   23:	    return aString;
        -:   24:}
        -:   25:
        2:   26:void testme()
        -:   27:{
        2:   28:  int tcCount = 0;
        -:   29:  char *s;
        -:   30:  char c;
        2:   31:  int state = 0;
        -:   32:  while (1)
        -:   33:  {
    31035:   34:    tcCount++;
    31035:   35:    c = inputChar();
    31035:   36:    s = inputString();
    31035:   37:    printf("Iteration %d: c = %c, s = %s, state = %d\n", tcCount, c, s, state);
        -:   38:
    31035:   39:    if (c == '[' && state == 0) state = 1;
    31035:   40:    if (c == '(' && state == 1) state = 2;
    31035:   41:    if (c == '{' && state == 2) state = 3;
    31035:   42:    if (c == ' '&& state == 3) state = 4;
    31035:   43:    if (c == 'a' && state == 4) state = 5;
    31035:   44:    if (c == 'x' && state == 5) state = 6;
    31035:   45:    if (c == '}' && state == 6) state = 7;
    31035:   46:    if (c == ')' && state == 7) state = 8;
    31035:   47:    if (c == ']' && state == 8) state = 9;
    31035:   48:    if (s[0] == 'r' && s[1] == 'e'
     1281:   49:       && s[2] == 's' && s[3] == 'e'
       58:   50:       && s[4] == 't' && s[5] == '\0'
        2:   51:       && state == 9)
        -:   52:    {
        2:   53:      printf("error ");
        2:   54:      exit(200);
        -:   55:    }
    31033:   56:  }
        -:   57:}
        -:   58:
        -:   59:
        2:   60:int main(int argc, char *argv[])
        -:   61:{
        2:   62:    srand(time(NULL));
        2:   63:    testme();
    #####:   64:    return 0;
        -:   65:}
