        -:    0:Source:cardtest1.c
        -:    0:Graph:cardtest1.gcno
        -:    0:Data:cardtest1.gcda
        -:    0:Runs:2
        -:    0:Programs:1
        -:    1:/************************
        -:    2: * Card Test for Smithy
        -:    3: ***********************/
        -:    4:
        -:    5:#include "dominion.h"
        -:    6:#include "dominion_helpers.h"
        -:    7:#include <string.h>
        -:    8:#include <stdio.h>
        -:    9:#include <assert.h>
        -:   10:#include "rngs.h"
        -:   11:
        2:   12:int main(){
        -:   13:	int i;
        -:   14:	struct gameState G;
        -:   15:	int p, r;
        2:   16:	int k[10] = {adventurer, smithy, great_hall, council_room, feast, gardens, mine, remodel, village, baron};
        -:   17:
        2:   18:	printf("Testing Smithy...\n");
        -:   19:
        2:   20:	r = initializeGame(2, k, 1000, &G); 
        -:   21:	//Make sure Smithy gets removed from hand
        2:   22:	G.handCount[1] = 5;
        2:   23:	p = playSmithy(&G, 1, 1);
        -:   24:	//Make sure hand increases to proper size
        2:   25:	assert (G.handCount[1] == 7);
        2:   26:	printf("Passed test 1\n");
        -:   27:		
        -:   28:	//Test when player has no actions
        2:   29:	G.numActions = 0;
        2:   30:	p = playSmithy(&G, 1, 1);
        2:   31:	printf("Bug\n");
        -:   32:
        2:   33:	return 0;
        -:   34:}
